-- The C compiler identification is GNU 13.3.0
-- The CXX compiler identification is GNU 13.3.0
-- Detecting C compiler ABI info
-- Detecting C compiler ABI info - done
-- Check for working C compiler: /usr/bin/cc - skipped
-- Detecting C compile features
-- Detecting C compile features - done
-- Detecting CXX compiler ABI info
-- Detecting CXX compiler ABI info - done
-- Check for working CXX compiler: /usr/bin/c++ - skipped
-- Detecting CXX compile features
-- Detecting CXX compile features - done
-- Found ament_cmake: 2.5.5 (/opt/ros/jazzy/share/ament_cmake/cmake)
-- Found Python3: /usr/bin/python3 (found version "3.12.3") found components: Interpreter 
-- Override CMake install command with custom implementation using symlinks instead of copying resources
-- Configuring done (1.1s)
-- Generating done (0.0s)
-- Build files have been written to: /home/aaro/ice_resurfacer_ws/src/build/ice_resurfacer_gazebo
-- Install configuration: ""
-- Execute custom install script
-- Symlinking: /home/aaro/ice_resurfacer_ws/src/install/ice_resurfacer_gazebo/share/ice_resurfacer_gazebo/worlds/ice_rink.sdf
-- Symlinking: /home/aaro/ice_resurfacer_ws/src/install/ice_resurfacer_gazebo/share/ice_resurfacer_gazebo/launch/simulation.launch.py
-- Symlinking: /home/aaro/ice_resurfacer_ws/src/install/ice_resurfacer_gazebo/share/ice_resurfacer_gazebo/meshes/hockey_rink.stl
-- Symlinking: /home/aaro/ice_resurfacer_ws/src/install/ice_resurfacer_gazebo/share/ice_resurfacer_gazebo/meshes/hockey_rink_old.stl
-- Symlinking: /home/aaro/ice_resurfacer_ws/src/install/ice_resurfacer_gazebo/share/ice_resurfacer_gazebo/meshes/hockey_rink_old2.stl
-- Symlinking: /home/aaro/ice_resurfacer_ws/src/install/ice_resurfacer_gazebo/share/ament_index/resource_index/package_run_dependencies/ice_resurfacer_gazebo
-- Symlinking: /home/aaro/ice_resurfacer_ws/src/install/ice_resurfacer_gazebo/share/ament_index/resource_index/parent_prefix_path/ice_resurfacer_gazebo
-- Symlinking: /home/aaro/ice_resurfacer_ws/src/install/ice_resurfacer_gazebo/share/ice_resurfacer_gazebo/environment/ament_prefix_path.sh
-- Symlinking: /home/aaro/ice_resurfacer_ws/src/install/ice_resurfacer_gazebo/share/ice_resurfacer_gazebo/environment/ament_prefix_path.dsv
-- Symlinking: /home/aaro/ice_resurfacer_ws/src/install/ice_resurfacer_gazebo/share/ice_resurfacer_gazebo/environment/path.sh
-- Symlinking: /home/aaro/ice_resurfacer_ws/src/install/ice_resurfacer_gazebo/share/ice_resurfacer_gazebo/environment/path.dsv
-- Symlinking: /home/aaro/ice_resurfacer_ws/src/install/ice_resurfacer_gazebo/share/ice_resurfacer_gazebo/local_setup.bash
-- Symlinking: /home/aaro/ice_resurfacer_ws/src/install/ice_resurfacer_gazebo/share/ice_resurfacer_gazebo/local_setup.sh
-- Symlinking: /home/aaro/ice_resurfacer_ws/src/install/ice_resurfacer_gazebo/share/ice_resurfacer_gazebo/local_setup.zsh
-- Symlinking: /home/aaro/ice_resurfacer_ws/src/install/ice_resurfacer_gazebo/share/ice_resurfacer_gazebo/local_setup.dsv
-- Symlinking: /home/aaro/ice_resurfacer_ws/src/install/ice_resurfacer_gazebo/share/ice_resurfacer_gazebo/package.dsv
-- Symlinking: /home/aaro/ice_resurfacer_ws/src/install/ice_resurfacer_gazebo/share/ament_index/resource_index/packages/ice_resurfacer_gazebo
-- Symlinking: /home/aaro/ice_resurfacer_ws/src/install/ice_resurfacer_gazebo/share/ice_resurfacer_gazebo/cmake/ice_resurfacer_gazeboConfig.cmake
-- Symlinking: /home/aaro/ice_resurfacer_ws/src/install/ice_resurfacer_gazebo/share/ice_resurfacer_gazebo/cmake/ice_resurfacer_gazeboConfig-version.cmake
-- Symlinking: /home/aaro/ice_resurfacer_ws/src/install/ice_resurfacer_gazebo/share/ice_resurfacer_gazebo/package.xml
