[0.056s] Invoking command in '/home/aaro/ice_resurfacer_ws/src/build/ice_resurfacer_gazebo': AMENT_PREFIX_PATH=/home/aaro/ice_resurfacer_ws/src/install/ice_resurfacer_description:${AMENT_PREFIX_PATH} CMAKE_PREFIX_PATH=/home/aaro/ice_resurfacer_ws/src/install/ice_resurfacer_description:/opt/ros/jazzy/opt/gz_sim_vendor:/opt/ros/jazzy/opt/gz_sensors_vendor:/opt/ros/jazzy/opt/gz_physics_vendor:/opt/ros/jazzy/opt/sdformat_vendor:/opt/ros/jazzy/opt/gz_gui_vendor:/opt/ros/jazzy/opt/gz_transport_vendor:/opt/ros/jazzy/opt/gz_rendering_vendor:/opt/ros/jazzy/opt/gz_plugin_vendor:/opt/ros/jazzy/opt/gz_fuel_tools_vendor:/opt/ros/jazzy/opt/gz_msgs_vendor:/opt/ros/jazzy/opt/gz_common_vendor:/opt/ros/jazzy/opt/gz_math_vendor:/opt/ros/jazzy/opt/gz_utils_vendor:/opt/ros/jazzy/opt/gz_tools_vendor:/opt/ros/jazzy/opt/gz_ogre_next_vendor:/opt/ros/jazzy/opt/gz_dartsim_vendor:/opt/ros/jazzy/opt/gz_cmake_vendor:/opt/ros/jazzy /usr/bin/cmake /home/aaro/ice_resurfacer_ws/src/ice_resurfacer_gazebo -DAMENT_CMAKE_SYMLINK_INSTALL=1 -DCMAKE_INSTALL_PREFIX=/home/aaro/ice_resurfacer_ws/src/install/ice_resurfacer_gazebo
[0.123s] -- The C compiler identification is GNU 13.3.0
[0.346s] -- The CXX compiler identification is GNU 13.3.0
[0.545s] -- Detecting C compiler ABI info
[0.670s] -- Detecting C compiler ABI info - done
[0.677s] -- Check for working C compiler: /usr/bin/cc - skipped
[0.677s] -- Detecting C compile features
[0.677s] -- Detecting C compile features - done
[0.716s] -- Detecting CXX compiler ABI info
[0.870s] -- Detecting CXX compiler ABI info - done
[0.877s] -- Check for working CXX compiler: /usr/bin/c++ - skipped
[0.877s] -- Detecting CXX compile features
[0.878s] -- Detecting CXX compile features - done
[0.881s] -- Found ament_cmake: 2.5.5 (/opt/ros/jazzy/share/ament_cmake/cmake)
[0.991s] -- Found Python3: /usr/bin/python3 (found version "3.12.3") found components: Interpreter 
[1.048s] -- Override CMake install command with custom implementation using symlinks instead of copying resources
[1.143s] -- Configuring done (1.1s)
[1.146s] -- Generating done (0.0s)
[1.146s] -- Build files have been written to: /home/aaro/ice_resurfacer_ws/src/build/ice_resurfacer_gazebo
[1.150s] Invoked command in '/home/aaro/ice_resurfacer_ws/src/build/ice_resurfacer_gazebo' returned '0': AMENT_PREFIX_PATH=/home/aaro/ice_resurfacer_ws/src/install/ice_resurfacer_description:${AMENT_PREFIX_PATH} CMAKE_PREFIX_PATH=/home/aaro/ice_resurfacer_ws/src/install/ice_resurfacer_description:/opt/ros/jazzy/opt/gz_sim_vendor:/opt/ros/jazzy/opt/gz_sensors_vendor:/opt/ros/jazzy/opt/gz_physics_vendor:/opt/ros/jazzy/opt/sdformat_vendor:/opt/ros/jazzy/opt/gz_gui_vendor:/opt/ros/jazzy/opt/gz_transport_vendor:/opt/ros/jazzy/opt/gz_rendering_vendor:/opt/ros/jazzy/opt/gz_plugin_vendor:/opt/ros/jazzy/opt/gz_fuel_tools_vendor:/opt/ros/jazzy/opt/gz_msgs_vendor:/opt/ros/jazzy/opt/gz_common_vendor:/opt/ros/jazzy/opt/gz_math_vendor:/opt/ros/jazzy/opt/gz_utils_vendor:/opt/ros/jazzy/opt/gz_tools_vendor:/opt/ros/jazzy/opt/gz_ogre_next_vendor:/opt/ros/jazzy/opt/gz_dartsim_vendor:/opt/ros/jazzy/opt/gz_cmake_vendor:/opt/ros/jazzy /usr/bin/cmake /home/aaro/ice_resurfacer_ws/src/ice_resurfacer_gazebo -DAMENT_CMAKE_SYMLINK_INSTALL=1 -DCMAKE_INSTALL_PREFIX=/home/aaro/ice_resurfacer_ws/src/install/ice_resurfacer_gazebo
[1.151s] Invoking command in '/home/aaro/ice_resurfacer_ws/src/build/ice_resurfacer_gazebo': AMENT_PREFIX_PATH=/home/aaro/ice_resurfacer_ws/src/install/ice_resurfacer_description:${AMENT_PREFIX_PATH} CMAKE_PREFIX_PATH=/home/aaro/ice_resurfacer_ws/src/install/ice_resurfacer_description:/opt/ros/jazzy/opt/gz_sim_vendor:/opt/ros/jazzy/opt/gz_sensors_vendor:/opt/ros/jazzy/opt/gz_physics_vendor:/opt/ros/jazzy/opt/sdformat_vendor:/opt/ros/jazzy/opt/gz_gui_vendor:/opt/ros/jazzy/opt/gz_transport_vendor:/opt/ros/jazzy/opt/gz_rendering_vendor:/opt/ros/jazzy/opt/gz_plugin_vendor:/opt/ros/jazzy/opt/gz_fuel_tools_vendor:/opt/ros/jazzy/opt/gz_msgs_vendor:/opt/ros/jazzy/opt/gz_common_vendor:/opt/ros/jazzy/opt/gz_math_vendor:/opt/ros/jazzy/opt/gz_utils_vendor:/opt/ros/jazzy/opt/gz_tools_vendor:/opt/ros/jazzy/opt/gz_ogre_next_vendor:/opt/ros/jazzy/opt/gz_dartsim_vendor:/opt/ros/jazzy/opt/gz_cmake_vendor:/opt/ros/jazzy /usr/bin/cmake --build /home/aaro/ice_resurfacer_ws/src/build/ice_resurfacer_gazebo -- -j16 -l16
[1.177s] Invoked command in '/home/aaro/ice_resurfacer_ws/src/build/ice_resurfacer_gazebo' returned '0': AMENT_PREFIX_PATH=/home/aaro/ice_resurfacer_ws/src/install/ice_resurfacer_description:${AMENT_PREFIX_PATH} CMAKE_PREFIX_PATH=/home/aaro/ice_resurfacer_ws/src/install/ice_resurfacer_description:/opt/ros/jazzy/opt/gz_sim_vendor:/opt/ros/jazzy/opt/gz_sensors_vendor:/opt/ros/jazzy/opt/gz_physics_vendor:/opt/ros/jazzy/opt/sdformat_vendor:/opt/ros/jazzy/opt/gz_gui_vendor:/opt/ros/jazzy/opt/gz_transport_vendor:/opt/ros/jazzy/opt/gz_rendering_vendor:/opt/ros/jazzy/opt/gz_plugin_vendor:/opt/ros/jazzy/opt/gz_fuel_tools_vendor:/opt/ros/jazzy/opt/gz_msgs_vendor:/opt/ros/jazzy/opt/gz_common_vendor:/opt/ros/jazzy/opt/gz_math_vendor:/opt/ros/jazzy/opt/gz_utils_vendor:/opt/ros/jazzy/opt/gz_tools_vendor:/opt/ros/jazzy/opt/gz_ogre_next_vendor:/opt/ros/jazzy/opt/gz_dartsim_vendor:/opt/ros/jazzy/opt/gz_cmake_vendor:/opt/ros/jazzy /usr/bin/cmake --build /home/aaro/ice_resurfacer_ws/src/build/ice_resurfacer_gazebo -- -j16 -l16
[1.194s] Invoking command in '/home/aaro/ice_resurfacer_ws/src/build/ice_resurfacer_gazebo': AMENT_PREFIX_PATH=/home/aaro/ice_resurfacer_ws/src/install/ice_resurfacer_description:${AMENT_PREFIX_PATH} CMAKE_PREFIX_PATH=/home/aaro/ice_resurfacer_ws/src/install/ice_resurfacer_description:/opt/ros/jazzy/opt/gz_sim_vendor:/opt/ros/jazzy/opt/gz_sensors_vendor:/opt/ros/jazzy/opt/gz_physics_vendor:/opt/ros/jazzy/opt/sdformat_vendor:/opt/ros/jazzy/opt/gz_gui_vendor:/opt/ros/jazzy/opt/gz_transport_vendor:/opt/ros/jazzy/opt/gz_rendering_vendor:/opt/ros/jazzy/opt/gz_plugin_vendor:/opt/ros/jazzy/opt/gz_fuel_tools_vendor:/opt/ros/jazzy/opt/gz_msgs_vendor:/opt/ros/jazzy/opt/gz_common_vendor:/opt/ros/jazzy/opt/gz_math_vendor:/opt/ros/jazzy/opt/gz_utils_vendor:/opt/ros/jazzy/opt/gz_tools_vendor:/opt/ros/jazzy/opt/gz_ogre_next_vendor:/opt/ros/jazzy/opt/gz_dartsim_vendor:/opt/ros/jazzy/opt/gz_cmake_vendor:/opt/ros/jazzy /usr/bin/cmake --install /home/aaro/ice_resurfacer_ws/src/build/ice_resurfacer_gazebo
[1.199s] -- Install configuration: ""
[1.199s] -- Execute custom install script
[1.200s] -- Symlinking: /home/aaro/ice_resurfacer_ws/src/install/ice_resurfacer_gazebo/share/ice_resurfacer_gazebo/worlds/ice_rink.sdf
[1.207s] -- Symlinking: /home/aaro/ice_resurfacer_ws/src/install/ice_resurfacer_gazebo/share/ice_resurfacer_gazebo/launch/simulation.launch.py
[1.215s] -- Symlinking: /home/aaro/ice_resurfacer_ws/src/install/ice_resurfacer_gazebo/share/ice_resurfacer_gazebo/meshes/hockey_rink.stl
[1.221s] -- Symlinking: /home/aaro/ice_resurfacer_ws/src/install/ice_resurfacer_gazebo/share/ice_resurfacer_gazebo/meshes/hockey_rink_old.stl
[1.228s] -- Symlinking: /home/aaro/ice_resurfacer_ws/src/install/ice_resurfacer_gazebo/share/ice_resurfacer_gazebo/meshes/hockey_rink_old2.stl
[1.235s] -- Symlinking: /home/aaro/ice_resurfacer_ws/src/install/ice_resurfacer_gazebo/share/ament_index/resource_index/package_run_dependencies/ice_resurfacer_gazebo
[1.241s] -- Symlinking: /home/aaro/ice_resurfacer_ws/src/install/ice_resurfacer_gazebo/share/ament_index/resource_index/parent_prefix_path/ice_resurfacer_gazebo
[1.248s] -- Symlinking: /home/aaro/ice_resurfacer_ws/src/install/ice_resurfacer_gazebo/share/ice_resurfacer_gazebo/environment/ament_prefix_path.sh
[1.255s] -- Symlinking: /home/aaro/ice_resurfacer_ws/src/install/ice_resurfacer_gazebo/share/ice_resurfacer_gazebo/environment/ament_prefix_path.dsv
[1.261s] -- Symlinking: /home/aaro/ice_resurfacer_ws/src/install/ice_resurfacer_gazebo/share/ice_resurfacer_gazebo/environment/path.sh
[1.268s] -- Symlinking: /home/aaro/ice_resurfacer_ws/src/install/ice_resurfacer_gazebo/share/ice_resurfacer_gazebo/environment/path.dsv
[1.274s] -- Symlinking: /home/aaro/ice_resurfacer_ws/src/install/ice_resurfacer_gazebo/share/ice_resurfacer_gazebo/local_setup.bash
[1.282s] -- Symlinking: /home/aaro/ice_resurfacer_ws/src/install/ice_resurfacer_gazebo/share/ice_resurfacer_gazebo/local_setup.sh
[1.289s] -- Symlinking: /home/aaro/ice_resurfacer_ws/src/install/ice_resurfacer_gazebo/share/ice_resurfacer_gazebo/local_setup.zsh
[1.296s] -- Symlinking: /home/aaro/ice_resurfacer_ws/src/install/ice_resurfacer_gazebo/share/ice_resurfacer_gazebo/local_setup.dsv
[1.302s] -- Symlinking: /home/aaro/ice_resurfacer_ws/src/install/ice_resurfacer_gazebo/share/ice_resurfacer_gazebo/package.dsv
[1.308s] -- Symlinking: /home/aaro/ice_resurfacer_ws/src/install/ice_resurfacer_gazebo/share/ament_index/resource_index/packages/ice_resurfacer_gazebo
[1.315s] -- Symlinking: /home/aaro/ice_resurfacer_ws/src/install/ice_resurfacer_gazebo/share/ice_resurfacer_gazebo/cmake/ice_resurfacer_gazeboConfig.cmake
[1.321s] -- Symlinking: /home/aaro/ice_resurfacer_ws/src/install/ice_resurfacer_gazebo/share/ice_resurfacer_gazebo/cmake/ice_resurfacer_gazeboConfig-version.cmake
[1.328s] -- Symlinking: /home/aaro/ice_resurfacer_ws/src/install/ice_resurfacer_gazebo/share/ice_resurfacer_gazebo/package.xml
[1.336s] Invoked command in '/home/aaro/ice_resurfacer_ws/src/build/ice_resurfacer_gazebo' returned '0': AMENT_PREFIX_PATH=/home/aaro/ice_resurfacer_ws/src/install/ice_resurfacer_description:${AMENT_PREFIX_PATH} CMAKE_PREFIX_PATH=/home/aaro/ice_resurfacer_ws/src/install/ice_resurfacer_description:/opt/ros/jazzy/opt/gz_sim_vendor:/opt/ros/jazzy/opt/gz_sensors_vendor:/opt/ros/jazzy/opt/gz_physics_vendor:/opt/ros/jazzy/opt/sdformat_vendor:/opt/ros/jazzy/opt/gz_gui_vendor:/opt/ros/jazzy/opt/gz_transport_vendor:/opt/ros/jazzy/opt/gz_rendering_vendor:/opt/ros/jazzy/opt/gz_plugin_vendor:/opt/ros/jazzy/opt/gz_fuel_tools_vendor:/opt/ros/jazzy/opt/gz_msgs_vendor:/opt/ros/jazzy/opt/gz_common_vendor:/opt/ros/jazzy/opt/gz_math_vendor:/opt/ros/jazzy/opt/gz_utils_vendor:/opt/ros/jazzy/opt/gz_tools_vendor:/opt/ros/jazzy/opt/gz_ogre_next_vendor:/opt/ros/jazzy/opt/gz_dartsim_vendor:/opt/ros/jazzy/opt/gz_cmake_vendor:/opt/ros/jazzy /usr/bin/cmake --install /home/aaro/ice_resurfacer_ws/src/build/ice_resurfacer_gazebo
