[0.960s] DEBUG:colcon:Command line arguments: ['/usr/bin/colcon', 'build', '--symlink-install']
[0.960s] DEBUG:colcon:Parsed command line arguments: Namespace(log_base=None, log_level=None, verb_name='build', build_base='build', install_base='install', merge_install=False, symlink_install=True, test_result_base=None, continue_on_error=False, executor='parallel', parallel_workers=16, event_handlers=None, ignore_user_meta=False, metas=['./colcon.meta'], base_paths=['.'], packages_ignore=None, packages_ignore_regex=None, paths=None, packages_up_to=None, packages_up_to_regex=None, packages_above=None, packages_above_and_dependencies=None, packages_above_depth=None, packages_select_by_dep=None, packages_skip_by_dep=None, packages_skip_up_to=None, packages_select_build_failed=False, packages_skip_build_finished=False, packages_select_test_failures=False, packages_skip_test_passed=False, packages_select=None, packages_skip=None, packages_select_regex=None, packages_skip_regex=None, packages_start=None, packages_end=None, allow_overriding=[], cmake_args=None, cmake_target=None, cmake_target_skip_unavailable=False, cmake_clean_cache=False, cmake_clean_first=False, cmake_force_configure=False, ament_cmake_args=None, catkin_cmake_args=None, catkin_skip_building_tests=False, mixin_files=None, mixin=None, verb_parser=<colcon_mixin.mixin.mixin_argument.MixinArgumentDecorator object at 0x7ddc77506750>, verb_extension=<colcon_core.verb.build.BuildVerb object at 0x7ddc78f4b380>, main=<bound method BuildVerb.main of <colcon_core.verb.build.BuildVerb object at 0x7ddc78f4b380>>, mixin_verb=('build',))
[1.002s] Level 1:colcon.colcon_core.package_discovery:discover_packages(colcon_meta) check parameters
[1.002s] Level 1:colcon.colcon_core.package_discovery:discover_packages(recursive) check parameters
[1.002s] Level 1:colcon.colcon_core.package_discovery:discover_packages(ignore) check parameters
[1.002s] Level 1:colcon.colcon_core.package_discovery:discover_packages(path) check parameters
[1.002s] Level 1:colcon.colcon_core.package_discovery:discover_packages(colcon_meta) discover
[1.003s] Level 1:colcon.colcon_core.package_discovery:discover_packages(recursive) discover
[1.003s] INFO:colcon.colcon_core.package_discovery:Crawling recursively for packages in '/home/aaro/ice_resurfacer_ws/src/ice_resurfacer_nav'
[1.003s] Level 1:colcon.colcon_core.package_identification:_identify(.) by extensions ['ignore', 'ignore_ament_install']
[1.003s] Level 1:colcon.colcon_core.package_identification:_identify(.) by extension 'ignore'
[1.003s] Level 1:colcon.colcon_core.package_identification:_identify(.) by extension 'ignore_ament_install'
[1.003s] Level 1:colcon.colcon_core.package_identification:_identify(.) by extensions ['colcon_pkg']
[1.003s] Level 1:colcon.colcon_core.package_identification:_identify(.) by extension 'colcon_pkg'
[1.003s] Level 1:colcon.colcon_core.package_identification:_identify(.) by extensions ['colcon_meta']
[1.003s] Level 1:colcon.colcon_core.package_identification:_identify(.) by extension 'colcon_meta'
[1.003s] Level 1:colcon.colcon_core.package_identification:_identify(.) by extensions ['ros']
[1.003s] Level 1:colcon.colcon_core.package_identification:_identify(.) by extension 'ros'
[1.020s] DEBUG:colcon.colcon_core.package_identification:Package '.' with type 'ros.ament_cmake' and name 'ice_resurfacer_nav'
[1.020s] Level 1:colcon.colcon_core.package_discovery:discover_packages(recursive) using defaults
[1.020s] Level 1:colcon.colcon_core.package_discovery:discover_packages(ignore) discover
[1.020s] Level 1:colcon.colcon_core.package_discovery:discover_packages(ignore) using defaults
[1.020s] Level 1:colcon.colcon_core.package_discovery:discover_packages(path) discover
[1.020s] Level 1:colcon.colcon_core.package_discovery:discover_packages(path) using defaults
[1.088s] Level 1:colcon.colcon_core.package_discovery:discover_packages(prefix_path) check parameters
[1.088s] Level 1:colcon.colcon_core.package_discovery:discover_packages(prefix_path) discover
[1.120s] DEBUG:colcon.colcon_installed_package_information.package_discovery:Found 1 installed packages in /home/aaro/ice_resurfacer_ws/src/ice_resurfacer_nav/install
[1.131s] DEBUG:colcon.colcon_installed_package_information.package_discovery:Found 3 installed packages in /home/aaro/ice_resurfacer_ws/install
[1.143s] DEBUG:colcon.colcon_installed_package_information.package_discovery:Found 424 installed packages in /opt/ros/jazzy
[1.144s] Level 1:colcon.colcon_core.package_discovery:discover_packages(prefix_path) using defaults
[1.197s] Level 5:colcon.colcon_core.verb:set package 'ice_resurfacer_nav' build argument 'cmake_args' from command line to 'None'
[1.197s] Level 5:colcon.colcon_core.verb:set package 'ice_resurfacer_nav' build argument 'cmake_target' from command line to 'None'
[1.197s] Level 5:colcon.colcon_core.verb:set package 'ice_resurfacer_nav' build argument 'cmake_target_skip_unavailable' from command line to 'False'
[1.197s] Level 5:colcon.colcon_core.verb:set package 'ice_resurfacer_nav' build argument 'cmake_clean_cache' from command line to 'False'
[1.197s] Level 5:colcon.colcon_core.verb:set package 'ice_resurfacer_nav' build argument 'cmake_clean_first' from command line to 'False'
[1.197s] Level 5:colcon.colcon_core.verb:set package 'ice_resurfacer_nav' build argument 'cmake_force_configure' from command line to 'False'
[1.197s] Level 5:colcon.colcon_core.verb:set package 'ice_resurfacer_nav' build argument 'ament_cmake_args' from command line to 'None'
[1.197s] Level 5:colcon.colcon_core.verb:set package 'ice_resurfacer_nav' build argument 'catkin_cmake_args' from command line to 'None'
[1.197s] Level 5:colcon.colcon_core.verb:set package 'ice_resurfacer_nav' build argument 'catkin_skip_building_tests' from command line to 'False'
[1.197s] DEBUG:colcon.colcon_core.verb:Building package 'ice_resurfacer_nav' with the following arguments: {'ament_cmake_args': None, 'build_base': '/home/aaro/ice_resurfacer_ws/src/ice_resurfacer_nav/build/ice_resurfacer_nav', 'catkin_cmake_args': None, 'catkin_skip_building_tests': False, 'cmake_args': None, 'cmake_clean_cache': False, 'cmake_clean_first': False, 'cmake_force_configure': False, 'cmake_target': None, 'cmake_target_skip_unavailable': False, 'install_base': '/home/aaro/ice_resurfacer_ws/src/ice_resurfacer_nav/install/ice_resurfacer_nav', 'merge_install': False, 'path': '/home/aaro/ice_resurfacer_ws/src/ice_resurfacer_nav', 'symlink_install': True, 'test_result_base': None}
[1.208s] INFO:colcon.colcon_core.executor:Executing jobs using 'parallel' executor
[1.220s] DEBUG:colcon.colcon_parallel_executor.executor.parallel:run_until_complete
[1.220s] INFO:colcon.colcon_ros.task.ament_cmake.build:Building ROS package in '/home/aaro/ice_resurfacer_ws/src/ice_resurfacer_nav' with build type 'ament_cmake'
[1.221s] INFO:colcon.colcon_cmake.task.cmake.build:Building CMake package in '/home/aaro/ice_resurfacer_ws/src/ice_resurfacer_nav'
[1.234s] INFO:colcon.colcon_core.plugin_system:Skipping extension 'colcon_core.shell.bat': Not used on non-Windows systems
[1.234s] INFO:colcon.colcon_core.shell:Skip shell extension 'powershell' for command environment: Not usable outside of PowerShell
[1.234s] DEBUG:colcon.colcon_core.shell:Skip shell extension 'dsv' for command environment
[1.285s] DEBUG:colcon.colcon_core.event_handler.log_command:Invoking command in '/home/aaro/ice_resurfacer_ws/src/ice_resurfacer_nav/build/ice_resurfacer_nav': CMAKE_PREFIX_PATH=${CMAKE_PREFIX_PATH}:/opt/ros/jazzy /usr/bin/cmake --build /home/aaro/ice_resurfacer_ws/src/ice_resurfacer_nav/build/ice_resurfacer_nav -- -j16 -l16
[1.313s] DEBUG:colcon.colcon_core.event_handler.log_command:Invoked command in '/home/aaro/ice_resurfacer_ws/src/ice_resurfacer_nav/build/ice_resurfacer_nav' returned '0': CMAKE_PREFIX_PATH=${CMAKE_PREFIX_PATH}:/opt/ros/jazzy /usr/bin/cmake --build /home/aaro/ice_resurfacer_ws/src/ice_resurfacer_nav/build/ice_resurfacer_nav -- -j16 -l16
[1.336s] DEBUG:colcon.colcon_core.event_handler.log_command:Invoking command in '/home/aaro/ice_resurfacer_ws/src/ice_resurfacer_nav/build/ice_resurfacer_nav': CMAKE_PREFIX_PATH=${CMAKE_PREFIX_PATH}:/opt/ros/jazzy /usr/bin/cmake --install /home/aaro/ice_resurfacer_ws/src/ice_resurfacer_nav/build/ice_resurfacer_nav
[1.356s] Level 1:colcon.colcon_core.environment:create_environment_scripts_only(ice_resurfacer_nav)
[1.357s] DEBUG:colcon.colcon_core.event_handler.log_command:Invoked command in '/home/aaro/ice_resurfacer_ws/src/ice_resurfacer_nav/build/ice_resurfacer_nav' returned '0': CMAKE_PREFIX_PATH=${CMAKE_PREFIX_PATH}:/opt/ros/jazzy /usr/bin/cmake --install /home/aaro/ice_resurfacer_ws/src/ice_resurfacer_nav/build/ice_resurfacer_nav
[1.370s] Level 1:colcon.colcon_core.environment:checking '/home/aaro/ice_resurfacer_ws/src/ice_resurfacer_nav/install/ice_resurfacer_nav' for CMake module files
[1.370s] Level 1:colcon.colcon_core.environment:checking '/home/aaro/ice_resurfacer_ws/src/ice_resurfacer_nav/install/ice_resurfacer_nav' for CMake config files
[1.370s] Level 1:colcon.colcon_core.shell:create_environment_hook('ice_resurfacer_nav', 'cmake_prefix_path')
[1.382s] INFO:colcon.colcon_core.shell:Creating environment hook '/home/aaro/ice_resurfacer_ws/src/ice_resurfacer_nav/install/ice_resurfacer_nav/share/ice_resurfacer_nav/hook/cmake_prefix_path.ps1'
[1.383s] INFO:colcon.colcon_core.shell:Creating environment descriptor '/home/aaro/ice_resurfacer_ws/src/ice_resurfacer_nav/install/ice_resurfacer_nav/share/ice_resurfacer_nav/hook/cmake_prefix_path.dsv'
[1.383s] INFO:colcon.colcon_core.shell:Creating environment hook '/home/aaro/ice_resurfacer_ws/src/ice_resurfacer_nav/install/ice_resurfacer_nav/share/ice_resurfacer_nav/hook/cmake_prefix_path.sh'
[1.384s] Level 1:colcon.colcon_core.environment:checking '/home/aaro/ice_resurfacer_ws/src/ice_resurfacer_nav/install/ice_resurfacer_nav/bin'
[1.384s] Level 1:colcon.colcon_core.environment:checking '/home/aaro/ice_resurfacer_ws/src/ice_resurfacer_nav/install/ice_resurfacer_nav/lib/pkgconfig/ice_resurfacer_nav.pc'
[1.384s] Level 1:colcon.colcon_core.environment:checking '/home/aaro/ice_resurfacer_ws/src/ice_resurfacer_nav/install/ice_resurfacer_nav/lib/python3.12/site-packages'
[1.384s] Level 1:colcon.colcon_core.environment:checking '/home/aaro/ice_resurfacer_ws/src/ice_resurfacer_nav/install/ice_resurfacer_nav/bin'
[1.396s] INFO:colcon.colcon_core.shell:Creating package script '/home/aaro/ice_resurfacer_ws/src/ice_resurfacer_nav/install/ice_resurfacer_nav/share/ice_resurfacer_nav/package.ps1'
[1.396s] INFO:colcon.colcon_core.shell:Creating package descriptor '/home/aaro/ice_resurfacer_ws/src/ice_resurfacer_nav/install/ice_resurfacer_nav/share/ice_resurfacer_nav/package.dsv'
[1.397s] INFO:colcon.colcon_core.shell:Creating package script '/home/aaro/ice_resurfacer_ws/src/ice_resurfacer_nav/install/ice_resurfacer_nav/share/ice_resurfacer_nav/package.sh'
[1.397s] INFO:colcon.colcon_core.shell:Creating package script '/home/aaro/ice_resurfacer_ws/src/ice_resurfacer_nav/install/ice_resurfacer_nav/share/ice_resurfacer_nav/package.bash'
[1.398s] INFO:colcon.colcon_core.shell:Creating package script '/home/aaro/ice_resurfacer_ws/src/ice_resurfacer_nav/install/ice_resurfacer_nav/share/ice_resurfacer_nav/package.zsh'
[1.398s] Level 1:colcon.colcon_core.environment:create_file_with_runtime_dependencies(/home/aaro/ice_resurfacer_ws/src/ice_resurfacer_nav/install/ice_resurfacer_nav/share/colcon-core/packages/ice_resurfacer_nav)
[1.427s] Level 1:colcon.colcon_core.environment:create_environment_scripts_only(ice_resurfacer_nav)
[1.440s] Level 1:colcon.colcon_core.environment:checking '/home/aaro/ice_resurfacer_ws/src/ice_resurfacer_nav/install/ice_resurfacer_nav' for CMake module files
[1.440s] Level 1:colcon.colcon_core.environment:checking '/home/aaro/ice_resurfacer_ws/src/ice_resurfacer_nav/install/ice_resurfacer_nav' for CMake config files
[1.440s] Level 1:colcon.colcon_core.shell:create_environment_hook('ice_resurfacer_nav', 'cmake_prefix_path')
[1.453s] INFO:colcon.colcon_core.shell:Creating environment hook '/home/aaro/ice_resurfacer_ws/src/ice_resurfacer_nav/install/ice_resurfacer_nav/share/ice_resurfacer_nav/hook/cmake_prefix_path.ps1'
[1.453s] INFO:colcon.colcon_core.shell:Creating environment descriptor '/home/aaro/ice_resurfacer_ws/src/ice_resurfacer_nav/install/ice_resurfacer_nav/share/ice_resurfacer_nav/hook/cmake_prefix_path.dsv'
[1.453s] INFO:colcon.colcon_core.shell:Creating environment hook '/home/aaro/ice_resurfacer_ws/src/ice_resurfacer_nav/install/ice_resurfacer_nav/share/ice_resurfacer_nav/hook/cmake_prefix_path.sh'
[1.454s] Level 1:colcon.colcon_core.environment:checking '/home/aaro/ice_resurfacer_ws/src/ice_resurfacer_nav/install/ice_resurfacer_nav/bin'
[1.454s] Level 1:colcon.colcon_core.environment:checking '/home/aaro/ice_resurfacer_ws/src/ice_resurfacer_nav/install/ice_resurfacer_nav/lib/pkgconfig/ice_resurfacer_nav.pc'
[1.454s] Level 1:colcon.colcon_core.environment:checking '/home/aaro/ice_resurfacer_ws/src/ice_resurfacer_nav/install/ice_resurfacer_nav/lib/python3.12/site-packages'
[1.454s] Level 1:colcon.colcon_core.environment:checking '/home/aaro/ice_resurfacer_ws/src/ice_resurfacer_nav/install/ice_resurfacer_nav/bin'
[1.467s] INFO:colcon.colcon_core.shell:Creating package script '/home/aaro/ice_resurfacer_ws/src/ice_resurfacer_nav/install/ice_resurfacer_nav/share/ice_resurfacer_nav/package.ps1'
[1.468s] INFO:colcon.colcon_core.shell:Creating package descriptor '/home/aaro/ice_resurfacer_ws/src/ice_resurfacer_nav/install/ice_resurfacer_nav/share/ice_resurfacer_nav/package.dsv'
[1.468s] INFO:colcon.colcon_core.shell:Creating package script '/home/aaro/ice_resurfacer_ws/src/ice_resurfacer_nav/install/ice_resurfacer_nav/share/ice_resurfacer_nav/package.sh'
[1.468s] INFO:colcon.colcon_core.shell:Creating package script '/home/aaro/ice_resurfacer_ws/src/ice_resurfacer_nav/install/ice_resurfacer_nav/share/ice_resurfacer_nav/package.bash'
[1.468s] INFO:colcon.colcon_core.shell:Creating package script '/home/aaro/ice_resurfacer_ws/src/ice_resurfacer_nav/install/ice_resurfacer_nav/share/ice_resurfacer_nav/package.zsh'
[1.469s] Level 1:colcon.colcon_core.environment:create_file_with_runtime_dependencies(/home/aaro/ice_resurfacer_ws/src/ice_resurfacer_nav/install/ice_resurfacer_nav/share/colcon-core/packages/ice_resurfacer_nav)
[1.469s] DEBUG:colcon.colcon_parallel_executor.executor.parallel:closing loop
[1.469s] DEBUG:colcon.colcon_parallel_executor.executor.parallel:loop closed
[1.469s] DEBUG:colcon.colcon_parallel_executor.executor.parallel:run_until_complete finished with '0'
[1.469s] DEBUG:colcon.colcon_core.event_reactor:joining thread
[1.492s] INFO:colcon.colcon_core.plugin_system:Skipping extension 'colcon_notification.desktop_notification.terminal_notifier': Not used on non-Darwin systems
[1.492s] INFO:colcon.colcon_core.plugin_system:Skipping extension 'colcon_notification.desktop_notification.win32': Not used on non-Windows systems
[1.492s] INFO:colcon.colcon_notification.desktop_notification:Sending desktop notification using 'notify2'
[1.493s] DEBUG:colcon.colcon_notification.desktop_notification.notify2:Failed to initialize notify2: org.freedesktop.DBus.Error.ServiceUnknown: The name org.freedesktop.Notifications was not provided by any .service files
[1.493s] DEBUG:colcon.colcon_core.event_reactor:joined thread
[1.514s] INFO:colcon.colcon_core.shell:Creating prefix script '/home/aaro/ice_resurfacer_ws/src/ice_resurfacer_nav/install/local_setup.ps1'
[1.515s] INFO:colcon.colcon_core.shell:Creating prefix util module '/home/aaro/ice_resurfacer_ws/src/ice_resurfacer_nav/install/_local_setup_util_ps1.py'
[1.516s] INFO:colcon.colcon_core.shell:Creating prefix chain script '/home/aaro/ice_resurfacer_ws/src/ice_resurfacer_nav/install/setup.ps1'
[1.532s] INFO:colcon.colcon_core.shell:Creating prefix script '/home/aaro/ice_resurfacer_ws/src/ice_resurfacer_nav/install/local_setup.sh'
[1.532s] INFO:colcon.colcon_core.shell:Creating prefix util module '/home/aaro/ice_resurfacer_ws/src/ice_resurfacer_nav/install/_local_setup_util_sh.py'
[1.532s] INFO:colcon.colcon_core.shell:Creating prefix chain script '/home/aaro/ice_resurfacer_ws/src/ice_resurfacer_nav/install/setup.sh'
[1.544s] INFO:colcon.colcon_core.shell:Creating prefix script '/home/aaro/ice_resurfacer_ws/src/ice_resurfacer_nav/install/local_setup.bash'
[1.545s] INFO:colcon.colcon_core.shell:Creating prefix chain script '/home/aaro/ice_resurfacer_ws/src/ice_resurfacer_nav/install/setup.bash'
[1.557s] INFO:colcon.colcon_core.shell:Creating prefix script '/home/aaro/ice_resurfacer_ws/src/ice_resurfacer_nav/install/local_setup.zsh'
[1.557s] INFO:colcon.colcon_core.shell:Creating prefix chain script '/home/aaro/ice_resurfacer_ws/src/ice_resurfacer_nav/install/setup.zsh'
