[1.560s] DEBUG:colcon:Command line arguments: ['/usr/bin/colcon', 'build', '--symlink-install']
[1.561s] DEBUG:colcon:Parsed command line arguments: Namespace(log_base=None, log_level=None, verb_name='build', build_base='build', install_base='install', merge_install=False, symlink_install=True, test_result_base=None, continue_on_error=False, executor='parallel', parallel_workers=16, event_handlers=None, ignore_user_meta=False, metas=['./colcon.meta'], base_paths=['.'], packages_ignore=None, packages_ignore_regex=None, paths=None, packages_up_to=None, packages_up_to_regex=None, packages_above=None, packages_above_and_dependencies=None, packages_above_depth=None, packages_select_by_dep=None, packages_skip_by_dep=None, packages_skip_up_to=None, packages_select_build_failed=False, packages_skip_build_finished=False, packages_select_test_failures=False, packages_skip_test_passed=False, packages_select=None, packages_skip=None, packages_select_regex=None, packages_skip_regex=None, packages_start=None, packages_end=None, allow_overriding=[], cmake_args=None, cmake_target=None, cmake_target_skip_unavailable=False, cmake_clean_cache=False, cmake_clean_first=False, cmake_force_configure=False, ament_cmake_args=None, catkin_cmake_args=None, catkin_skip_building_tests=False, mixin_files=None, mixin=None, verb_parser=<colcon_mixin.mixin.mixin_argument.MixinArgumentDecorator object at 0x7d113c006570>, verb_extension=<colcon_core.verb.build.BuildVerb object at 0x7d113c24caa0>, main=<bound method BuildVerb.main of <colcon_core.verb.build.BuildVerb object at 0x7d113c24caa0>>, mixin_verb=('build',))
[1.636s] Level 1:colcon.colcon_core.package_discovery:discover_packages(colcon_meta) check parameters
[1.636s] Level 1:colcon.colcon_core.package_discovery:discover_packages(recursive) check parameters
[1.636s] Level 1:colcon.colcon_core.package_discovery:discover_packages(ignore) check parameters
[1.636s] Level 1:colcon.colcon_core.package_discovery:discover_packages(path) check parameters
[1.636s] Level 1:colcon.colcon_core.package_discovery:discover_packages(colcon_meta) discover
[1.636s] Level 1:colcon.colcon_core.package_discovery:discover_packages(recursive) discover
[1.636s] INFO:colcon.colcon_core.package_discovery:Crawling recursively for packages in '/home/aaro/ice_resurfacer_ws/src'
[1.636s] Level 1:colcon.colcon_core.package_identification:_identify(.) by extensions ['ignore', 'ignore_ament_install']
[1.637s] Level 1:colcon.colcon_core.package_identification:_identify(.) by extension 'ignore'
[1.637s] Level 1:colcon.colcon_core.package_identification:_identify(.) by extension 'ignore_ament_install'
[1.637s] Level 1:colcon.colcon_core.package_identification:_identify(.) by extensions ['colcon_pkg']
[1.637s] Level 1:colcon.colcon_core.package_identification:_identify(.) by extension 'colcon_pkg'
[1.637s] Level 1:colcon.colcon_core.package_identification:_identify(.) by extensions ['colcon_meta']
[1.637s] Level 1:colcon.colcon_core.package_identification:_identify(.) by extension 'colcon_meta'
[1.637s] Level 1:colcon.colcon_core.package_identification:_identify(.) by extensions ['ros']
[1.637s] Level 1:colcon.colcon_core.package_identification:_identify(.) by extension 'ros'
[1.664s] Level 1:colcon.colcon_core.package_identification:_identify(.) by extensions ['cmake', 'python']
[1.664s] Level 1:colcon.colcon_core.package_identification:_identify(.) by extension 'cmake'
[1.664s] Level 1:colcon.colcon_core.package_identification:_identify(.) by extension 'python'
[1.664s] Level 1:colcon.colcon_core.package_identification:_identify(.) by extensions ['python_setup_py']
[1.664s] Level 1:colcon.colcon_core.package_identification:_identify(.) by extension 'python_setup_py'
[1.664s] Level 1:colcon.colcon_core.package_identification:_identify(build) by extensions ['ignore', 'ignore_ament_install']
[1.664s] Level 1:colcon.colcon_core.package_identification:_identify(build) by extension 'ignore'
[1.664s] Level 1:colcon.colcon_core.package_identification:_identify(build) ignored
[1.664s] Level 1:colcon.colcon_core.package_identification:_identify(documentation) by extensions ['ignore', 'ignore_ament_install']
[1.664s] Level 1:colcon.colcon_core.package_identification:_identify(documentation) by extension 'ignore'
[1.664s] Level 1:colcon.colcon_core.package_identification:_identify(documentation) by extension 'ignore_ament_install'
[1.664s] Level 1:colcon.colcon_core.package_identification:_identify(documentation) by extensions ['colcon_pkg']
[1.664s] Level 1:colcon.colcon_core.package_identification:_identify(documentation) by extension 'colcon_pkg'
[1.664s] Level 1:colcon.colcon_core.package_identification:_identify(documentation) by extensions ['colcon_meta']
[1.664s] Level 1:colcon.colcon_core.package_identification:_identify(documentation) by extension 'colcon_meta'
[1.665s] Level 1:colcon.colcon_core.package_identification:_identify(documentation) by extensions ['ros']
[1.665s] Level 1:colcon.colcon_core.package_identification:_identify(documentation) by extension 'ros'
[1.665s] Level 1:colcon.colcon_core.package_identification:_identify(documentation) by extensions ['cmake', 'python']
[1.665s] Level 1:colcon.colcon_core.package_identification:_identify(documentation) by extension 'cmake'
[1.665s] Level 1:colcon.colcon_core.package_identification:_identify(documentation) by extension 'python'
[1.665s] Level 1:colcon.colcon_core.package_identification:_identify(documentation) by extensions ['python_setup_py']
[1.665s] Level 1:colcon.colcon_core.package_identification:_identify(documentation) by extension 'python_setup_py'
[1.665s] Level 1:colcon.colcon_core.package_identification:_identify(ice_resurfacer_bringup) by extensions ['ignore', 'ignore_ament_install']
[1.665s] Level 1:colcon.colcon_core.package_identification:_identify(ice_resurfacer_bringup) by extension 'ignore'
[1.665s] Level 1:colcon.colcon_core.package_identification:_identify(ice_resurfacer_bringup) by extension 'ignore_ament_install'
[1.665s] Level 1:colcon.colcon_core.package_identification:_identify(ice_resurfacer_bringup) by extensions ['colcon_pkg']
[1.665s] Level 1:colcon.colcon_core.package_identification:_identify(ice_resurfacer_bringup) by extension 'colcon_pkg'
[1.665s] Level 1:colcon.colcon_core.package_identification:_identify(ice_resurfacer_bringup) by extensions ['colcon_meta']
[1.666s] Level 1:colcon.colcon_core.package_identification:_identify(ice_resurfacer_bringup) by extension 'colcon_meta'
[1.666s] Level 1:colcon.colcon_core.package_identification:_identify(ice_resurfacer_bringup) by extensions ['ros']
[1.666s] Level 1:colcon.colcon_core.package_identification:_identify(ice_resurfacer_bringup) by extension 'ros'
[1.666s] Level 1:colcon.colcon_core.package_identification:_identify(ice_resurfacer_bringup) by extensions ['cmake', 'python']
[1.666s] Level 1:colcon.colcon_core.package_identification:_identify(ice_resurfacer_bringup) by extension 'cmake'
[1.666s] Level 1:colcon.colcon_core.package_identification:_identify(ice_resurfacer_bringup) by extension 'python'
[1.666s] Level 1:colcon.colcon_core.package_identification:_identify(ice_resurfacer_bringup) by extensions ['python_setup_py']
[1.666s] Level 1:colcon.colcon_core.package_identification:_identify(ice_resurfacer_bringup) by extension 'python_setup_py'
[1.666s] Level 1:colcon.colcon_core.package_identification:_identify(ice_resurfacer_description) by extensions ['ignore', 'ignore_ament_install']
[1.666s] Level 1:colcon.colcon_core.package_identification:_identify(ice_resurfacer_description) by extension 'ignore'
[1.666s] Level 1:colcon.colcon_core.package_identification:_identify(ice_resurfacer_description) by extension 'ignore_ament_install'
[1.666s] Level 1:colcon.colcon_core.package_identification:_identify(ice_resurfacer_description) by extensions ['colcon_pkg']
[1.666s] Level 1:colcon.colcon_core.package_identification:_identify(ice_resurfacer_description) by extension 'colcon_pkg'
[1.666s] Level 1:colcon.colcon_core.package_identification:_identify(ice_resurfacer_description) by extensions ['colcon_meta']
[1.666s] Level 1:colcon.colcon_core.package_identification:_identify(ice_resurfacer_description) by extension 'colcon_meta'
[1.666s] Level 1:colcon.colcon_core.package_identification:_identify(ice_resurfacer_description) by extensions ['ros']
[1.666s] Level 1:colcon.colcon_core.package_identification:_identify(ice_resurfacer_description) by extension 'ros'
[1.669s] DEBUG:colcon.colcon_core.package_identification:Package 'ice_resurfacer_description' with type 'ros.ament_cmake' and name 'ice_resurfacer_description'
[1.670s] Level 1:colcon.colcon_core.package_identification:_identify(ice_resurfacer_gazebo) by extensions ['ignore', 'ignore_ament_install']
[1.670s] Level 1:colcon.colcon_core.package_identification:_identify(ice_resurfacer_gazebo) by extension 'ignore'
[1.670s] Level 1:colcon.colcon_core.package_identification:_identify(ice_resurfacer_gazebo) by extension 'ignore_ament_install'
[1.670s] Level 1:colcon.colcon_core.package_identification:_identify(ice_resurfacer_gazebo) by extensions ['colcon_pkg']
[1.670s] Level 1:colcon.colcon_core.package_identification:_identify(ice_resurfacer_gazebo) by extension 'colcon_pkg'
[1.670s] Level 1:colcon.colcon_core.package_identification:_identify(ice_resurfacer_gazebo) by extensions ['colcon_meta']
[1.670s] Level 1:colcon.colcon_core.package_identification:_identify(ice_resurfacer_gazebo) by extension 'colcon_meta'
[1.670s] Level 1:colcon.colcon_core.package_identification:_identify(ice_resurfacer_gazebo) by extensions ['ros']
[1.670s] Level 1:colcon.colcon_core.package_identification:_identify(ice_resurfacer_gazebo) by extension 'ros'
[1.671s] DEBUG:colcon.colcon_core.package_identification:Package 'ice_resurfacer_gazebo' with type 'ros.ament_cmake' and name 'ice_resurfacer_gazebo'
[1.671s] Level 1:colcon.colcon_core.package_identification:_identify(ice_resurfacer_nav) by extensions ['ignore', 'ignore_ament_install']
[1.671s] Level 1:colcon.colcon_core.package_identification:_identify(ice_resurfacer_nav) by extension 'ignore'
[1.671s] Level 1:colcon.colcon_core.package_identification:_identify(ice_resurfacer_nav) by extension 'ignore_ament_install'
[1.671s] Level 1:colcon.colcon_core.package_identification:_identify(ice_resurfacer_nav) by extensions ['colcon_pkg']
[1.671s] Level 1:colcon.colcon_core.package_identification:_identify(ice_resurfacer_nav) by extension 'colcon_pkg'
[1.671s] Level 1:colcon.colcon_core.package_identification:_identify(ice_resurfacer_nav) by extensions ['colcon_meta']
[1.671s] Level 1:colcon.colcon_core.package_identification:_identify(ice_resurfacer_nav) by extension 'colcon_meta'
[1.672s] Level 1:colcon.colcon_core.package_identification:_identify(ice_resurfacer_nav) by extensions ['ros']
[1.672s] Level 1:colcon.colcon_core.package_identification:_identify(ice_resurfacer_nav) by extension 'ros'
[1.672s] Level 1:colcon.colcon_core.package_identification:_identify(ice_resurfacer_nav) by extensions ['cmake', 'python']
[1.672s] Level 1:colcon.colcon_core.package_identification:_identify(ice_resurfacer_nav) by extension 'cmake'
[1.672s] Level 1:colcon.colcon_core.package_identification:_identify(ice_resurfacer_nav) by extension 'python'
[1.672s] Level 1:colcon.colcon_core.package_identification:_identify(ice_resurfacer_nav) by extensions ['python_setup_py']
[1.672s] Level 1:colcon.colcon_core.package_identification:_identify(ice_resurfacer_nav) by extension 'python_setup_py'
[1.672s] Level 1:colcon.colcon_core.package_identification:_identify(install) by extensions ['ignore', 'ignore_ament_install']
[1.672s] Level 1:colcon.colcon_core.package_identification:_identify(install) by extension 'ignore'
[1.672s] Level 1:colcon.colcon_core.package_identification:_identify(install) ignored
[1.672s] Level 1:colcon.colcon_core.package_identification:_identify(log) by extensions ['ignore', 'ignore_ament_install']
[1.672s] Level 1:colcon.colcon_core.package_identification:_identify(log) by extension 'ignore'
[1.672s] Level 1:colcon.colcon_core.package_identification:_identify(log) ignored
[1.672s] Level 1:colcon.colcon_core.package_identification:_identify(media) by extensions ['ignore', 'ignore_ament_install']
[1.673s] Level 1:colcon.colcon_core.package_identification:_identify(media) by extension 'ignore'
[1.673s] Level 1:colcon.colcon_core.package_identification:_identify(media) by extension 'ignore_ament_install'
[1.673s] Level 1:colcon.colcon_core.package_identification:_identify(media) by extensions ['colcon_pkg']
[1.673s] Level 1:colcon.colcon_core.package_identification:_identify(media) by extension 'colcon_pkg'
[1.673s] Level 1:colcon.colcon_core.package_identification:_identify(media) by extensions ['colcon_meta']
[1.673s] Level 1:colcon.colcon_core.package_identification:_identify(media) by extension 'colcon_meta'
[1.673s] Level 1:colcon.colcon_core.package_identification:_identify(media) by extensions ['ros']
[1.673s] Level 1:colcon.colcon_core.package_identification:_identify(media) by extension 'ros'
[1.673s] Level 1:colcon.colcon_core.package_identification:_identify(media) by extensions ['cmake', 'python']
[1.673s] Level 1:colcon.colcon_core.package_identification:_identify(media) by extension 'cmake'
[1.673s] Level 1:colcon.colcon_core.package_identification:_identify(media) by extension 'python'
[1.673s] Level 1:colcon.colcon_core.package_identification:_identify(media) by extensions ['python_setup_py']
[1.673s] Level 1:colcon.colcon_core.package_identification:_identify(media) by extension 'python_setup_py'
[1.673s] Level 1:colcon.colcon_core.package_discovery:discover_packages(recursive) using defaults
[1.673s] Level 1:colcon.colcon_core.package_discovery:discover_packages(ignore) discover
[1.673s] Level 1:colcon.colcon_core.package_discovery:discover_packages(ignore) using defaults
[1.673s] Level 1:colcon.colcon_core.package_discovery:discover_packages(path) discover
[1.673s] Level 1:colcon.colcon_core.package_discovery:discover_packages(path) using defaults
[1.764s] Level 1:colcon.colcon_core.package_discovery:discover_packages(prefix_path) check parameters
[1.764s] Level 1:colcon.colcon_core.package_discovery:discover_packages(prefix_path) discover
[1.808s] DEBUG:colcon.colcon_installed_package_information.package_discovery:Found 424 installed packages in /opt/ros/jazzy
[1.809s] Level 1:colcon.colcon_core.package_discovery:discover_packages(prefix_path) using defaults
[1.872s] Level 5:colcon.colcon_core.verb:set package 'ice_resurfacer_description' build argument 'cmake_args' from command line to 'None'
[1.872s] Level 5:colcon.colcon_core.verb:set package 'ice_resurfacer_description' build argument 'cmake_target' from command line to 'None'
[1.872s] Level 5:colcon.colcon_core.verb:set package 'ice_resurfacer_description' build argument 'cmake_target_skip_unavailable' from command line to 'False'
[1.872s] Level 5:colcon.colcon_core.verb:set package 'ice_resurfacer_description' build argument 'cmake_clean_cache' from command line to 'False'
[1.872s] Level 5:colcon.colcon_core.verb:set package 'ice_resurfacer_description' build argument 'cmake_clean_first' from command line to 'False'
[1.872s] Level 5:colcon.colcon_core.verb:set package 'ice_resurfacer_description' build argument 'cmake_force_configure' from command line to 'False'
[1.872s] Level 5:colcon.colcon_core.verb:set package 'ice_resurfacer_description' build argument 'ament_cmake_args' from command line to 'None'
[1.872s] Level 5:colcon.colcon_core.verb:set package 'ice_resurfacer_description' build argument 'catkin_cmake_args' from command line to 'None'
[1.872s] Level 5:colcon.colcon_core.verb:set package 'ice_resurfacer_description' build argument 'catkin_skip_building_tests' from command line to 'False'
[1.872s] DEBUG:colcon.colcon_core.verb:Building package 'ice_resurfacer_description' with the following arguments: {'ament_cmake_args': None, 'build_base': '/home/aaro/ice_resurfacer_ws/src/build/ice_resurfacer_description', 'catkin_cmake_args': None, 'catkin_skip_building_tests': False, 'cmake_args': None, 'cmake_clean_cache': False, 'cmake_clean_first': False, 'cmake_force_configure': False, 'cmake_target': None, 'cmake_target_skip_unavailable': False, 'install_base': '/home/aaro/ice_resurfacer_ws/src/install/ice_resurfacer_description', 'merge_install': False, 'path': '/home/aaro/ice_resurfacer_ws/src/ice_resurfacer_description', 'symlink_install': True, 'test_result_base': None}
[1.884s] Level 5:colcon.colcon_core.verb:set package 'ice_resurfacer_gazebo' build argument 'cmake_args' from command line to 'None'
[1.884s] Level 5:colcon.colcon_core.verb:set package 'ice_resurfacer_gazebo' build argument 'cmake_target' from command line to 'None'
[1.884s] Level 5:colcon.colcon_core.verb:set package 'ice_resurfacer_gazebo' build argument 'cmake_target_skip_unavailable' from command line to 'False'
[1.884s] Level 5:colcon.colcon_core.verb:set package 'ice_resurfacer_gazebo' build argument 'cmake_clean_cache' from command line to 'False'
[1.884s] Level 5:colcon.colcon_core.verb:set package 'ice_resurfacer_gazebo' build argument 'cmake_clean_first' from command line to 'False'
[1.884s] Level 5:colcon.colcon_core.verb:set package 'ice_resurfacer_gazebo' build argument 'cmake_force_configure' from command line to 'False'
[1.884s] Level 5:colcon.colcon_core.verb:set package 'ice_resurfacer_gazebo' build argument 'ament_cmake_args' from command line to 'None'
[1.884s] Level 5:colcon.colcon_core.verb:set package 'ice_resurfacer_gazebo' build argument 'catkin_cmake_args' from command line to 'None'
[1.884s] Level 5:colcon.colcon_core.verb:set package 'ice_resurfacer_gazebo' build argument 'catkin_skip_building_tests' from command line to 'False'
[1.884s] DEBUG:colcon.colcon_core.verb:Building package 'ice_resurfacer_gazebo' with the following arguments: {'ament_cmake_args': None, 'build_base': '/home/aaro/ice_resurfacer_ws/src/build/ice_resurfacer_gazebo', 'catkin_cmake_args': None, 'catkin_skip_building_tests': False, 'cmake_args': None, 'cmake_clean_cache': False, 'cmake_clean_first': False, 'cmake_force_configure': False, 'cmake_target': None, 'cmake_target_skip_unavailable': False, 'install_base': '/home/aaro/ice_resurfacer_ws/src/install/ice_resurfacer_gazebo', 'merge_install': False, 'path': '/home/aaro/ice_resurfacer_ws/src/ice_resurfacer_gazebo', 'symlink_install': True, 'test_result_base': None}
[1.895s] INFO:colcon.colcon_core.executor:Executing jobs using 'parallel' executor
[1.908s] DEBUG:colcon.colcon_parallel_executor.executor.parallel:run_until_complete
[1.908s] INFO:colcon.colcon_ros.task.ament_cmake.build:Building ROS package in '/home/aaro/ice_resurfacer_ws/src/ice_resurfacer_description' with build type 'ament_cmake'
[1.908s] INFO:colcon.colcon_cmake.task.cmake.build:Building CMake package in '/home/aaro/ice_resurfacer_ws/src/ice_resurfacer_description'
[1.928s] INFO:colcon.colcon_core.plugin_system:Skipping extension 'colcon_core.shell.bat': Not used on non-Windows systems
[1.928s] INFO:colcon.colcon_core.shell:Skip shell extension 'powershell' for command environment: Not usable outside of PowerShell
[1.928s] DEBUG:colcon.colcon_core.shell:Skip shell extension 'dsv' for command environment
[1.960s] DEBUG:colcon.colcon_core.event_handler.log_command:Invoking command in '/home/aaro/ice_resurfacer_ws/src/build/ice_resurfacer_description': CMAKE_PREFIX_PATH=${CMAKE_PREFIX_PATH}:/opt/ros/jazzy /usr/bin/cmake /home/aaro/ice_resurfacer_ws/src/ice_resurfacer_description -DAMENT_CMAKE_SYMLINK_INSTALL=1 -DCMAKE_INSTALL_PREFIX=/home/aaro/ice_resurfacer_ws/src/install/ice_resurfacer_description
[4.023s] DEBUG:colcon.colcon_core.event_handler.log_command:Invoked command in '/home/aaro/ice_resurfacer_ws/src/build/ice_resurfacer_description' returned '0': CMAKE_PREFIX_PATH=${CMAKE_PREFIX_PATH}:/opt/ros/jazzy /usr/bin/cmake /home/aaro/ice_resurfacer_ws/src/ice_resurfacer_description -DAMENT_CMAKE_SYMLINK_INSTALL=1 -DCMAKE_INSTALL_PREFIX=/home/aaro/ice_resurfacer_ws/src/install/ice_resurfacer_description
[4.025s] DEBUG:colcon.colcon_core.event_handler.log_command:Invoking command in '/home/aaro/ice_resurfacer_ws/src/build/ice_resurfacer_description': CMAKE_PREFIX_PATH=${CMAKE_PREFIX_PATH}:/opt/ros/jazzy /usr/bin/cmake --build /home/aaro/ice_resurfacer_ws/src/build/ice_resurfacer_description -- -j16 -l16
[4.059s] DEBUG:colcon.colcon_core.event_handler.log_command:Invoked command in '/home/aaro/ice_resurfacer_ws/src/build/ice_resurfacer_description' returned '0': CMAKE_PREFIX_PATH=${CMAKE_PREFIX_PATH}:/opt/ros/jazzy /usr/bin/cmake --build /home/aaro/ice_resurfacer_ws/src/build/ice_resurfacer_description -- -j16 -l16
[4.084s] DEBUG:colcon.colcon_core.event_handler.log_command:Invoking command in '/home/aaro/ice_resurfacer_ws/src/build/ice_resurfacer_description': CMAKE_PREFIX_PATH=${CMAKE_PREFIX_PATH}:/opt/ros/jazzy /usr/bin/cmake --install /home/aaro/ice_resurfacer_ws/src/build/ice_resurfacer_description
[4.230s] Level 1:colcon.colcon_core.environment:create_environment_scripts_only(ice_resurfacer_description)
[4.231s] DEBUG:colcon.colcon_core.event_handler.log_command:Invoked command in '/home/aaro/ice_resurfacer_ws/src/build/ice_resurfacer_description' returned '0': CMAKE_PREFIX_PATH=${CMAKE_PREFIX_PATH}:/opt/ros/jazzy /usr/bin/cmake --install /home/aaro/ice_resurfacer_ws/src/build/ice_resurfacer_description
[4.248s] Level 1:colcon.colcon_core.environment:checking '/home/aaro/ice_resurfacer_ws/src/install/ice_resurfacer_description' for CMake module files
[4.248s] Level 1:colcon.colcon_core.environment:checking '/home/aaro/ice_resurfacer_ws/src/install/ice_resurfacer_description' for CMake config files
[4.249s] Level 1:colcon.colcon_core.shell:create_environment_hook('ice_resurfacer_description', 'cmake_prefix_path')
[4.261s] INFO:colcon.colcon_core.shell:Creating environment hook '/home/aaro/ice_resurfacer_ws/src/install/ice_resurfacer_description/share/ice_resurfacer_description/hook/cmake_prefix_path.ps1'
[4.261s] INFO:colcon.colcon_core.shell:Creating environment descriptor '/home/aaro/ice_resurfacer_ws/src/install/ice_resurfacer_description/share/ice_resurfacer_description/hook/cmake_prefix_path.dsv'
[4.262s] INFO:colcon.colcon_core.shell:Creating environment hook '/home/aaro/ice_resurfacer_ws/src/install/ice_resurfacer_description/share/ice_resurfacer_description/hook/cmake_prefix_path.sh'
[4.263s] Level 1:colcon.colcon_core.environment:checking '/home/aaro/ice_resurfacer_ws/src/install/ice_resurfacer_description/bin'
[4.263s] Level 1:colcon.colcon_core.environment:checking '/home/aaro/ice_resurfacer_ws/src/install/ice_resurfacer_description/lib/pkgconfig/ice_resurfacer_description.pc'
[4.263s] Level 1:colcon.colcon_core.environment:checking '/home/aaro/ice_resurfacer_ws/src/install/ice_resurfacer_description/lib/python3.12/site-packages'
[4.263s] Level 1:colcon.colcon_core.environment:checking '/home/aaro/ice_resurfacer_ws/src/install/ice_resurfacer_description/bin'
[4.275s] INFO:colcon.colcon_core.shell:Creating package script '/home/aaro/ice_resurfacer_ws/src/install/ice_resurfacer_description/share/ice_resurfacer_description/package.ps1'
[4.275s] INFO:colcon.colcon_core.shell:Creating package descriptor '/home/aaro/ice_resurfacer_ws/src/install/ice_resurfacer_description/share/ice_resurfacer_description/package.dsv'
[4.276s] INFO:colcon.colcon_core.shell:Creating package script '/home/aaro/ice_resurfacer_ws/src/install/ice_resurfacer_description/share/ice_resurfacer_description/package.sh'
[4.277s] INFO:colcon.colcon_core.shell:Creating package script '/home/aaro/ice_resurfacer_ws/src/install/ice_resurfacer_description/share/ice_resurfacer_description/package.bash'
[4.277s] INFO:colcon.colcon_core.shell:Creating package script '/home/aaro/ice_resurfacer_ws/src/install/ice_resurfacer_description/share/ice_resurfacer_description/package.zsh'
[4.278s] Level 1:colcon.colcon_core.environment:create_file_with_runtime_dependencies(/home/aaro/ice_resurfacer_ws/src/install/ice_resurfacer_description/share/colcon-core/packages/ice_resurfacer_description)
[4.307s] Level 1:colcon.colcon_core.environment:create_environment_scripts_only(ice_resurfacer_description)
[4.319s] Level 1:colcon.colcon_core.environment:checking '/home/aaro/ice_resurfacer_ws/src/install/ice_resurfacer_description' for CMake module files
[4.320s] Level 1:colcon.colcon_core.environment:checking '/home/aaro/ice_resurfacer_ws/src/install/ice_resurfacer_description' for CMake config files
[4.320s] Level 1:colcon.colcon_core.shell:create_environment_hook('ice_resurfacer_description', 'cmake_prefix_path')
[4.332s] INFO:colcon.colcon_core.shell:Creating environment hook '/home/aaro/ice_resurfacer_ws/src/install/ice_resurfacer_description/share/ice_resurfacer_description/hook/cmake_prefix_path.ps1'
[4.332s] INFO:colcon.colcon_core.shell:Creating environment descriptor '/home/aaro/ice_resurfacer_ws/src/install/ice_resurfacer_description/share/ice_resurfacer_description/hook/cmake_prefix_path.dsv'
[4.333s] INFO:colcon.colcon_core.shell:Creating environment hook '/home/aaro/ice_resurfacer_ws/src/install/ice_resurfacer_description/share/ice_resurfacer_description/hook/cmake_prefix_path.sh'
[4.333s] Level 1:colcon.colcon_core.environment:checking '/home/aaro/ice_resurfacer_ws/src/install/ice_resurfacer_description/bin'
[4.333s] Level 1:colcon.colcon_core.environment:checking '/home/aaro/ice_resurfacer_ws/src/install/ice_resurfacer_description/lib/pkgconfig/ice_resurfacer_description.pc'
[4.333s] Level 1:colcon.colcon_core.environment:checking '/home/aaro/ice_resurfacer_ws/src/install/ice_resurfacer_description/lib/python3.12/site-packages'
[4.333s] Level 1:colcon.colcon_core.environment:checking '/home/aaro/ice_resurfacer_ws/src/install/ice_resurfacer_description/bin'
[4.346s] INFO:colcon.colcon_core.shell:Creating package script '/home/aaro/ice_resurfacer_ws/src/install/ice_resurfacer_description/share/ice_resurfacer_description/package.ps1'
[4.347s] INFO:colcon.colcon_core.shell:Creating package descriptor '/home/aaro/ice_resurfacer_ws/src/install/ice_resurfacer_description/share/ice_resurfacer_description/package.dsv'
[4.347s] INFO:colcon.colcon_core.shell:Creating package script '/home/aaro/ice_resurfacer_ws/src/install/ice_resurfacer_description/share/ice_resurfacer_description/package.sh'
[4.347s] INFO:colcon.colcon_core.shell:Creating package script '/home/aaro/ice_resurfacer_ws/src/install/ice_resurfacer_description/share/ice_resurfacer_description/package.bash'
[4.348s] INFO:colcon.colcon_core.shell:Creating package script '/home/aaro/ice_resurfacer_ws/src/install/ice_resurfacer_description/share/ice_resurfacer_description/package.zsh'
[4.348s] Level 1:colcon.colcon_core.environment:create_file_with_runtime_dependencies(/home/aaro/ice_resurfacer_ws/src/install/ice_resurfacer_description/share/colcon-core/packages/ice_resurfacer_description)
[4.348s] INFO:colcon.colcon_ros.task.ament_cmake.build:Building ROS package in '/home/aaro/ice_resurfacer_ws/src/ice_resurfacer_gazebo' with build type 'ament_cmake'
[4.349s] INFO:colcon.colcon_cmake.task.cmake.build:Building CMake package in '/home/aaro/ice_resurfacer_ws/src/ice_resurfacer_gazebo'
[4.362s] INFO:colcon.colcon_core.shell:Skip shell extension 'powershell' for command environment: Not usable outside of PowerShell
[4.362s] DEBUG:colcon.colcon_core.shell:Skip shell extension 'dsv' for command environment
[4.406s] DEBUG:colcon.colcon_core.event_handler.log_command:Invoking command in '/home/aaro/ice_resurfacer_ws/src/build/ice_resurfacer_gazebo': AMENT_PREFIX_PATH=/home/aaro/ice_resurfacer_ws/src/install/ice_resurfacer_description:${AMENT_PREFIX_PATH} CMAKE_PREFIX_PATH=/home/aaro/ice_resurfacer_ws/src/install/ice_resurfacer_description:/opt/ros/jazzy/opt/gz_sim_vendor:/opt/ros/jazzy/opt/gz_sensors_vendor:/opt/ros/jazzy/opt/gz_physics_vendor:/opt/ros/jazzy/opt/sdformat_vendor:/opt/ros/jazzy/opt/gz_gui_vendor:/opt/ros/jazzy/opt/gz_transport_vendor:/opt/ros/jazzy/opt/gz_rendering_vendor:/opt/ros/jazzy/opt/gz_plugin_vendor:/opt/ros/jazzy/opt/gz_fuel_tools_vendor:/opt/ros/jazzy/opt/gz_msgs_vendor:/opt/ros/jazzy/opt/gz_common_vendor:/opt/ros/jazzy/opt/gz_math_vendor:/opt/ros/jazzy/opt/gz_utils_vendor:/opt/ros/jazzy/opt/gz_tools_vendor:/opt/ros/jazzy/opt/gz_ogre_next_vendor:/opt/ros/jazzy/opt/gz_dartsim_vendor:/opt/ros/jazzy/opt/gz_cmake_vendor:/opt/ros/jazzy /usr/bin/cmake /home/aaro/ice_resurfacer_ws/src/ice_resurfacer_gazebo -DAMENT_CMAKE_SYMLINK_INSTALL=1 -DCMAKE_INSTALL_PREFIX=/home/aaro/ice_resurfacer_ws/src/install/ice_resurfacer_gazebo
[5.500s] DEBUG:colcon.colcon_core.event_handler.log_command:Invoked command in '/home/aaro/ice_resurfacer_ws/src/build/ice_resurfacer_gazebo' returned '0': AMENT_PREFIX_PATH=/home/aaro/ice_resurfacer_ws/src/install/ice_resurfacer_description:${AMENT_PREFIX_PATH} CMAKE_PREFIX_PATH=/home/aaro/ice_resurfacer_ws/src/install/ice_resurfacer_description:/opt/ros/jazzy/opt/gz_sim_vendor:/opt/ros/jazzy/opt/gz_sensors_vendor:/opt/ros/jazzy/opt/gz_physics_vendor:/opt/ros/jazzy/opt/sdformat_vendor:/opt/ros/jazzy/opt/gz_gui_vendor:/opt/ros/jazzy/opt/gz_transport_vendor:/opt/ros/jazzy/opt/gz_rendering_vendor:/opt/ros/jazzy/opt/gz_plugin_vendor:/opt/ros/jazzy/opt/gz_fuel_tools_vendor:/opt/ros/jazzy/opt/gz_msgs_vendor:/opt/ros/jazzy/opt/gz_common_vendor:/opt/ros/jazzy/opt/gz_math_vendor:/opt/ros/jazzy/opt/gz_utils_vendor:/opt/ros/jazzy/opt/gz_tools_vendor:/opt/ros/jazzy/opt/gz_ogre_next_vendor:/opt/ros/jazzy/opt/gz_dartsim_vendor:/opt/ros/jazzy/opt/gz_cmake_vendor:/opt/ros/jazzy /usr/bin/cmake /home/aaro/ice_resurfacer_ws/src/ice_resurfacer_gazebo -DAMENT_CMAKE_SYMLINK_INSTALL=1 -DCMAKE_INSTALL_PREFIX=/home/aaro/ice_resurfacer_ws/src/install/ice_resurfacer_gazebo
[5.501s] DEBUG:colcon.colcon_core.event_handler.log_command:Invoking command in '/home/aaro/ice_resurfacer_ws/src/build/ice_resurfacer_gazebo': AMENT_PREFIX_PATH=/home/aaro/ice_resurfacer_ws/src/install/ice_resurfacer_description:${AMENT_PREFIX_PATH} CMAKE_PREFIX_PATH=/home/aaro/ice_resurfacer_ws/src/install/ice_resurfacer_description:/opt/ros/jazzy/opt/gz_sim_vendor:/opt/ros/jazzy/opt/gz_sensors_vendor:/opt/ros/jazzy/opt/gz_physics_vendor:/opt/ros/jazzy/opt/sdformat_vendor:/opt/ros/jazzy/opt/gz_gui_vendor:/opt/ros/jazzy/opt/gz_transport_vendor:/opt/ros/jazzy/opt/gz_rendering_vendor:/opt/ros/jazzy/opt/gz_plugin_vendor:/opt/ros/jazzy/opt/gz_fuel_tools_vendor:/opt/ros/jazzy/opt/gz_msgs_vendor:/opt/ros/jazzy/opt/gz_common_vendor:/opt/ros/jazzy/opt/gz_math_vendor:/opt/ros/jazzy/opt/gz_utils_vendor:/opt/ros/jazzy/opt/gz_tools_vendor:/opt/ros/jazzy/opt/gz_ogre_next_vendor:/opt/ros/jazzy/opt/gz_dartsim_vendor:/opt/ros/jazzy/opt/gz_cmake_vendor:/opt/ros/jazzy /usr/bin/cmake --build /home/aaro/ice_resurfacer_ws/src/build/ice_resurfacer_gazebo -- -j16 -l16
[5.528s] DEBUG:colcon.colcon_core.event_handler.log_command:Invoked command in '/home/aaro/ice_resurfacer_ws/src/build/ice_resurfacer_gazebo' returned '0': AMENT_PREFIX_PATH=/home/aaro/ice_resurfacer_ws/src/install/ice_resurfacer_description:${AMENT_PREFIX_PATH} CMAKE_PREFIX_PATH=/home/aaro/ice_resurfacer_ws/src/install/ice_resurfacer_description:/opt/ros/jazzy/opt/gz_sim_vendor:/opt/ros/jazzy/opt/gz_sensors_vendor:/opt/ros/jazzy/opt/gz_physics_vendor:/opt/ros/jazzy/opt/sdformat_vendor:/opt/ros/jazzy/opt/gz_gui_vendor:/opt/ros/jazzy/opt/gz_transport_vendor:/opt/ros/jazzy/opt/gz_rendering_vendor:/opt/ros/jazzy/opt/gz_plugin_vendor:/opt/ros/jazzy/opt/gz_fuel_tools_vendor:/opt/ros/jazzy/opt/gz_msgs_vendor:/opt/ros/jazzy/opt/gz_common_vendor:/opt/ros/jazzy/opt/gz_math_vendor:/opt/ros/jazzy/opt/gz_utils_vendor:/opt/ros/jazzy/opt/gz_tools_vendor:/opt/ros/jazzy/opt/gz_ogre_next_vendor:/opt/ros/jazzy/opt/gz_dartsim_vendor:/opt/ros/jazzy/opt/gz_cmake_vendor:/opt/ros/jazzy /usr/bin/cmake --build /home/aaro/ice_resurfacer_ws/src/build/ice_resurfacer_gazebo -- -j16 -l16
[5.544s] DEBUG:colcon.colcon_core.event_handler.log_command:Invoking command in '/home/aaro/ice_resurfacer_ws/src/build/ice_resurfacer_gazebo': AMENT_PREFIX_PATH=/home/aaro/ice_resurfacer_ws/src/install/ice_resurfacer_description:${AMENT_PREFIX_PATH} CMAKE_PREFIX_PATH=/home/aaro/ice_resurfacer_ws/src/install/ice_resurfacer_description:/opt/ros/jazzy/opt/gz_sim_vendor:/opt/ros/jazzy/opt/gz_sensors_vendor:/opt/ros/jazzy/opt/gz_physics_vendor:/opt/ros/jazzy/opt/sdformat_vendor:/opt/ros/jazzy/opt/gz_gui_vendor:/opt/ros/jazzy/opt/gz_transport_vendor:/opt/ros/jazzy/opt/gz_rendering_vendor:/opt/ros/jazzy/opt/gz_plugin_vendor:/opt/ros/jazzy/opt/gz_fuel_tools_vendor:/opt/ros/jazzy/opt/gz_msgs_vendor:/opt/ros/jazzy/opt/gz_common_vendor:/opt/ros/jazzy/opt/gz_math_vendor:/opt/ros/jazzy/opt/gz_utils_vendor:/opt/ros/jazzy/opt/gz_tools_vendor:/opt/ros/jazzy/opt/gz_ogre_next_vendor:/opt/ros/jazzy/opt/gz_dartsim_vendor:/opt/ros/jazzy/opt/gz_cmake_vendor:/opt/ros/jazzy /usr/bin/cmake --install /home/aaro/ice_resurfacer_ws/src/build/ice_resurfacer_gazebo
[5.686s] Level 1:colcon.colcon_core.environment:create_environment_scripts_only(ice_resurfacer_gazebo)
[5.686s] DEBUG:colcon.colcon_core.event_handler.log_command:Invoked command in '/home/aaro/ice_resurfacer_ws/src/build/ice_resurfacer_gazebo' returned '0': AMENT_PREFIX_PATH=/home/aaro/ice_resurfacer_ws/src/install/ice_resurfacer_description:${AMENT_PREFIX_PATH} CMAKE_PREFIX_PATH=/home/aaro/ice_resurfacer_ws/src/install/ice_resurfacer_description:/opt/ros/jazzy/opt/gz_sim_vendor:/opt/ros/jazzy/opt/gz_sensors_vendor:/opt/ros/jazzy/opt/gz_physics_vendor:/opt/ros/jazzy/opt/sdformat_vendor:/opt/ros/jazzy/opt/gz_gui_vendor:/opt/ros/jazzy/opt/gz_transport_vendor:/opt/ros/jazzy/opt/gz_rendering_vendor:/opt/ros/jazzy/opt/gz_plugin_vendor:/opt/ros/jazzy/opt/gz_fuel_tools_vendor:/opt/ros/jazzy/opt/gz_msgs_vendor:/opt/ros/jazzy/opt/gz_common_vendor:/opt/ros/jazzy/opt/gz_math_vendor:/opt/ros/jazzy/opt/gz_utils_vendor:/opt/ros/jazzy/opt/gz_tools_vendor:/opt/ros/jazzy/opt/gz_ogre_next_vendor:/opt/ros/jazzy/opt/gz_dartsim_vendor:/opt/ros/jazzy/opt/gz_cmake_vendor:/opt/ros/jazzy /usr/bin/cmake --install /home/aaro/ice_resurfacer_ws/src/build/ice_resurfacer_gazebo
[5.699s] Level 1:colcon.colcon_core.environment:checking '/home/aaro/ice_resurfacer_ws/src/install/ice_resurfacer_gazebo' for CMake module files
[5.700s] Level 1:colcon.colcon_core.environment:checking '/home/aaro/ice_resurfacer_ws/src/install/ice_resurfacer_gazebo' for CMake config files
[5.700s] Level 1:colcon.colcon_core.shell:create_environment_hook('ice_resurfacer_gazebo', 'cmake_prefix_path')
[5.711s] INFO:colcon.colcon_core.shell:Creating environment hook '/home/aaro/ice_resurfacer_ws/src/install/ice_resurfacer_gazebo/share/ice_resurfacer_gazebo/hook/cmake_prefix_path.ps1'
[5.711s] INFO:colcon.colcon_core.shell:Creating environment descriptor '/home/aaro/ice_resurfacer_ws/src/install/ice_resurfacer_gazebo/share/ice_resurfacer_gazebo/hook/cmake_prefix_path.dsv'
[5.712s] INFO:colcon.colcon_core.shell:Creating environment hook '/home/aaro/ice_resurfacer_ws/src/install/ice_resurfacer_gazebo/share/ice_resurfacer_gazebo/hook/cmake_prefix_path.sh'
[5.712s] Level 1:colcon.colcon_core.environment:checking '/home/aaro/ice_resurfacer_ws/src/install/ice_resurfacer_gazebo/bin'
[5.712s] Level 1:colcon.colcon_core.environment:checking '/home/aaro/ice_resurfacer_ws/src/install/ice_resurfacer_gazebo/lib/pkgconfig/ice_resurfacer_gazebo.pc'
[5.712s] Level 1:colcon.colcon_core.environment:checking '/home/aaro/ice_resurfacer_ws/src/install/ice_resurfacer_gazebo/lib/python3.12/site-packages'
[5.712s] Level 1:colcon.colcon_core.environment:checking '/home/aaro/ice_resurfacer_ws/src/install/ice_resurfacer_gazebo/bin'
[5.725s] INFO:colcon.colcon_core.shell:Creating package script '/home/aaro/ice_resurfacer_ws/src/install/ice_resurfacer_gazebo/share/ice_resurfacer_gazebo/package.ps1'
[5.726s] INFO:colcon.colcon_core.shell:Creating package descriptor '/home/aaro/ice_resurfacer_ws/src/install/ice_resurfacer_gazebo/share/ice_resurfacer_gazebo/package.dsv'
[5.726s] INFO:colcon.colcon_core.shell:Creating package script '/home/aaro/ice_resurfacer_ws/src/install/ice_resurfacer_gazebo/share/ice_resurfacer_gazebo/package.sh'
[5.726s] INFO:colcon.colcon_core.shell:Creating package script '/home/aaro/ice_resurfacer_ws/src/install/ice_resurfacer_gazebo/share/ice_resurfacer_gazebo/package.bash'
[5.726s] INFO:colcon.colcon_core.shell:Creating package script '/home/aaro/ice_resurfacer_ws/src/install/ice_resurfacer_gazebo/share/ice_resurfacer_gazebo/package.zsh'
[5.727s] Level 1:colcon.colcon_core.environment:create_file_with_runtime_dependencies(/home/aaro/ice_resurfacer_ws/src/install/ice_resurfacer_gazebo/share/colcon-core/packages/ice_resurfacer_gazebo)
[5.754s] Level 1:colcon.colcon_core.environment:create_environment_scripts_only(ice_resurfacer_gazebo)
[5.766s] Level 1:colcon.colcon_core.environment:checking '/home/aaro/ice_resurfacer_ws/src/install/ice_resurfacer_gazebo' for CMake module files
[5.766s] Level 1:colcon.colcon_core.environment:checking '/home/aaro/ice_resurfacer_ws/src/install/ice_resurfacer_gazebo' for CMake config files
[5.766s] Level 1:colcon.colcon_core.shell:create_environment_hook('ice_resurfacer_gazebo', 'cmake_prefix_path')
[5.778s] INFO:colcon.colcon_core.shell:Creating environment hook '/home/aaro/ice_resurfacer_ws/src/install/ice_resurfacer_gazebo/share/ice_resurfacer_gazebo/hook/cmake_prefix_path.ps1'
[5.779s] INFO:colcon.colcon_core.shell:Creating environment descriptor '/home/aaro/ice_resurfacer_ws/src/install/ice_resurfacer_gazebo/share/ice_resurfacer_gazebo/hook/cmake_prefix_path.dsv'
[5.779s] INFO:colcon.colcon_core.shell:Creating environment hook '/home/aaro/ice_resurfacer_ws/src/install/ice_resurfacer_gazebo/share/ice_resurfacer_gazebo/hook/cmake_prefix_path.sh'
[5.779s] Level 1:colcon.colcon_core.environment:checking '/home/aaro/ice_resurfacer_ws/src/install/ice_resurfacer_gazebo/bin'
[5.779s] Level 1:colcon.colcon_core.environment:checking '/home/aaro/ice_resurfacer_ws/src/install/ice_resurfacer_gazebo/lib/pkgconfig/ice_resurfacer_gazebo.pc'
[5.780s] Level 1:colcon.colcon_core.environment:checking '/home/aaro/ice_resurfacer_ws/src/install/ice_resurfacer_gazebo/lib/python3.12/site-packages'
[5.780s] Level 1:colcon.colcon_core.environment:checking '/home/aaro/ice_resurfacer_ws/src/install/ice_resurfacer_gazebo/bin'
[5.791s] INFO:colcon.colcon_core.shell:Creating package script '/home/aaro/ice_resurfacer_ws/src/install/ice_resurfacer_gazebo/share/ice_resurfacer_gazebo/package.ps1'
[5.791s] INFO:colcon.colcon_core.shell:Creating package descriptor '/home/aaro/ice_resurfacer_ws/src/install/ice_resurfacer_gazebo/share/ice_resurfacer_gazebo/package.dsv'
[5.792s] INFO:colcon.colcon_core.shell:Creating package script '/home/aaro/ice_resurfacer_ws/src/install/ice_resurfacer_gazebo/share/ice_resurfacer_gazebo/package.sh'
[5.792s] INFO:colcon.colcon_core.shell:Creating package script '/home/aaro/ice_resurfacer_ws/src/install/ice_resurfacer_gazebo/share/ice_resurfacer_gazebo/package.bash'
[5.792s] INFO:colcon.colcon_core.shell:Creating package script '/home/aaro/ice_resurfacer_ws/src/install/ice_resurfacer_gazebo/share/ice_resurfacer_gazebo/package.zsh'
[5.793s] Level 1:colcon.colcon_core.environment:create_file_with_runtime_dependencies(/home/aaro/ice_resurfacer_ws/src/install/ice_resurfacer_gazebo/share/colcon-core/packages/ice_resurfacer_gazebo)
[5.793s] DEBUG:colcon.colcon_parallel_executor.executor.parallel:closing loop
[5.793s] DEBUG:colcon.colcon_parallel_executor.executor.parallel:loop closed
[5.793s] DEBUG:colcon.colcon_parallel_executor.executor.parallel:run_until_complete finished with '0'
[5.793s] DEBUG:colcon.colcon_core.event_reactor:joining thread
[5.820s] INFO:colcon.colcon_core.plugin_system:Skipping extension 'colcon_notification.desktop_notification.terminal_notifier': Not used on non-Darwin systems
[5.820s] INFO:colcon.colcon_core.plugin_system:Skipping extension 'colcon_notification.desktop_notification.win32': Not used on non-Windows systems
[5.820s] INFO:colcon.colcon_notification.desktop_notification:Sending desktop notification using 'notify2'
[5.852s] DEBUG:colcon.colcon_notification.desktop_notification.notify2:Failed to initialize notify2: org.freedesktop.DBus.Error.ServiceUnknown: The name org.freedesktop.Notifications was not provided by any .service files
[5.852s] DEBUG:colcon.colcon_core.event_reactor:joined thread
[5.866s] INFO:colcon.colcon_core.shell:Creating prefix script '/home/aaro/ice_resurfacer_ws/src/install/local_setup.ps1'
[5.867s] INFO:colcon.colcon_core.shell:Creating prefix util module '/home/aaro/ice_resurfacer_ws/src/install/_local_setup_util_ps1.py'
[5.868s] INFO:colcon.colcon_core.shell:Creating prefix chain script '/home/aaro/ice_resurfacer_ws/src/install/setup.ps1'
[5.882s] INFO:colcon.colcon_core.shell:Creating prefix script '/home/aaro/ice_resurfacer_ws/src/install/local_setup.sh'
[5.882s] INFO:colcon.colcon_core.shell:Creating prefix util module '/home/aaro/ice_resurfacer_ws/src/install/_local_setup_util_sh.py'
[5.883s] INFO:colcon.colcon_core.shell:Creating prefix chain script '/home/aaro/ice_resurfacer_ws/src/install/setup.sh'
[5.895s] INFO:colcon.colcon_core.shell:Creating prefix script '/home/aaro/ice_resurfacer_ws/src/install/local_setup.bash'
[5.895s] INFO:colcon.colcon_core.shell:Creating prefix chain script '/home/aaro/ice_resurfacer_ws/src/install/setup.bash'
[5.910s] INFO:colcon.colcon_core.shell:Creating prefix script '/home/aaro/ice_resurfacer_ws/src/install/local_setup.zsh'
[5.911s] INFO:colcon.colcon_core.shell:Creating prefix chain script '/home/aaro/ice_resurfacer_ws/src/install/setup.zsh'
