[1.229s] DEBUG:colcon:Command line arguments: ['/usr/bin/colcon', 'build', '--packages-select', 'ice_resurfacer_gazebo', '--symlink-install']
[1.229s] DEBUG:colcon:Parsed command line arguments: Namespace(log_base=None, log_level=None, verb_name='build', build_base='build', install_base='install', merge_install=False, symlink_install=True, test_result_base=None, continue_on_error=False, executor='parallel', parallel_workers=16, event_handlers=None, ignore_user_meta=False, metas=['./colcon.meta'], base_paths=['.'], packages_ignore=None, packages_ignore_regex=None, paths=None, packages_up_to=None, packages_up_to_regex=None, packages_above=None, packages_above_and_dependencies=None, packages_above_depth=None, packages_select_by_dep=None, packages_skip_by_dep=None, packages_skip_up_to=None, packages_select_build_failed=False, packages_skip_build_finished=False, packages_select_test_failures=False, packages_skip_test_passed=False, packages_select=['ice_resurfacer_gazebo'], packages_skip=None, packages_select_regex=None, packages_skip_regex=None, packages_start=None, packages_end=None, allow_overriding=[], cmake_args=None, cmake_target=None, cmake_target_skip_unavailable=False, cmake_clean_cache=False, cmake_clean_first=False, cmake_force_configure=False, ament_cmake_args=None, catkin_cmake_args=None, catkin_skip_building_tests=False, mixin_files=None, mixin=None, verb_parser=<colcon_mixin.mixin.mixin_argument.MixinArgumentDecorator object at 0x785376f06300>, verb_extension=<colcon_core.verb.build.BuildVerb object at 0x78537729c170>, main=<bound method BuildVerb.main of <colcon_core.verb.build.BuildVerb object at 0x78537729c170>>, mixin_verb=('build',))
[1.280s] Level 1:colcon.colcon_core.package_discovery:discover_packages(colcon_meta) check parameters
[1.280s] Level 1:colcon.colcon_core.package_discovery:discover_packages(recursive) check parameters
[1.280s] Level 1:colcon.colcon_core.package_discovery:discover_packages(ignore) check parameters
[1.280s] Level 1:colcon.colcon_core.package_discovery:discover_packages(path) check parameters
[1.280s] Level 1:colcon.colcon_core.package_discovery:discover_packages(colcon_meta) discover
[1.280s] Level 1:colcon.colcon_core.package_discovery:discover_packages(recursive) discover
[1.280s] INFO:colcon.colcon_core.package_discovery:Crawling recursively for packages in '/home/aaro/ice_resurfacer_ws/src'
[1.280s] Level 1:colcon.colcon_core.package_identification:_identify(.) by extensions ['ignore', 'ignore_ament_install']
[1.280s] Level 1:colcon.colcon_core.package_identification:_identify(.) by extension 'ignore'
[1.281s] Level 1:colcon.colcon_core.package_identification:_identify(.) by extension 'ignore_ament_install'
[1.281s] Level 1:colcon.colcon_core.package_identification:_identify(.) by extensions ['colcon_pkg']
[1.281s] Level 1:colcon.colcon_core.package_identification:_identify(.) by extension 'colcon_pkg'
[1.281s] Level 1:colcon.colcon_core.package_identification:_identify(.) by extensions ['colcon_meta']
[1.281s] Level 1:colcon.colcon_core.package_identification:_identify(.) by extension 'colcon_meta'
[1.281s] Level 1:colcon.colcon_core.package_identification:_identify(.) by extensions ['ros']
[1.281s] Level 1:colcon.colcon_core.package_identification:_identify(.) by extension 'ros'
[1.299s] Level 1:colcon.colcon_core.package_identification:_identify(.) by extensions ['cmake', 'python']
[1.299s] Level 1:colcon.colcon_core.package_identification:_identify(.) by extension 'cmake'
[1.299s] Level 1:colcon.colcon_core.package_identification:_identify(.) by extension 'python'
[1.299s] Level 1:colcon.colcon_core.package_identification:_identify(.) by extensions ['python_setup_py']
[1.299s] Level 1:colcon.colcon_core.package_identification:_identify(.) by extension 'python_setup_py'
[1.299s] Level 1:colcon.colcon_core.package_identification:_identify(build) by extensions ['ignore', 'ignore_ament_install']
[1.299s] Level 1:colcon.colcon_core.package_identification:_identify(build) by extension 'ignore'
[1.299s] Level 1:colcon.colcon_core.package_identification:_identify(build) ignored
[1.300s] Level 1:colcon.colcon_core.package_identification:_identify(documentation) by extensions ['ignore', 'ignore_ament_install']
[1.300s] Level 1:colcon.colcon_core.package_identification:_identify(documentation) by extension 'ignore'
[1.300s] Level 1:colcon.colcon_core.package_identification:_identify(documentation) by extension 'ignore_ament_install'
[1.300s] Level 1:colcon.colcon_core.package_identification:_identify(documentation) by extensions ['colcon_pkg']
[1.300s] Level 1:colcon.colcon_core.package_identification:_identify(documentation) by extension 'colcon_pkg'
[1.300s] Level 1:colcon.colcon_core.package_identification:_identify(documentation) by extensions ['colcon_meta']
[1.300s] Level 1:colcon.colcon_core.package_identification:_identify(documentation) by extension 'colcon_meta'
[1.300s] Level 1:colcon.colcon_core.package_identification:_identify(documentation) by extensions ['ros']
[1.300s] Level 1:colcon.colcon_core.package_identification:_identify(documentation) by extension 'ros'
[1.300s] Level 1:colcon.colcon_core.package_identification:_identify(documentation) by extensions ['cmake', 'python']
[1.300s] Level 1:colcon.colcon_core.package_identification:_identify(documentation) by extension 'cmake'
[1.300s] Level 1:colcon.colcon_core.package_identification:_identify(documentation) by extension 'python'
[1.300s] Level 1:colcon.colcon_core.package_identification:_identify(documentation) by extensions ['python_setup_py']
[1.300s] Level 1:colcon.colcon_core.package_identification:_identify(documentation) by extension 'python_setup_py'
[1.300s] Level 1:colcon.colcon_core.package_identification:_identify(ice_resurfacer_bringup) by extensions ['ignore', 'ignore_ament_install']
[1.300s] Level 1:colcon.colcon_core.package_identification:_identify(ice_resurfacer_bringup) by extension 'ignore'
[1.300s] Level 1:colcon.colcon_core.package_identification:_identify(ice_resurfacer_bringup) by extension 'ignore_ament_install'
[1.300s] Level 1:colcon.colcon_core.package_identification:_identify(ice_resurfacer_bringup) by extensions ['colcon_pkg']
[1.300s] Level 1:colcon.colcon_core.package_identification:_identify(ice_resurfacer_bringup) by extension 'colcon_pkg'
[1.301s] Level 1:colcon.colcon_core.package_identification:_identify(ice_resurfacer_bringup) by extensions ['colcon_meta']
[1.301s] Level 1:colcon.colcon_core.package_identification:_identify(ice_resurfacer_bringup) by extension 'colcon_meta'
[1.301s] Level 1:colcon.colcon_core.package_identification:_identify(ice_resurfacer_bringup) by extensions ['ros']
[1.301s] Level 1:colcon.colcon_core.package_identification:_identify(ice_resurfacer_bringup) by extension 'ros'
[1.301s] Level 1:colcon.colcon_core.package_identification:_identify(ice_resurfacer_bringup) by extensions ['cmake', 'python']
[1.301s] Level 1:colcon.colcon_core.package_identification:_identify(ice_resurfacer_bringup) by extension 'cmake'
[1.301s] Level 1:colcon.colcon_core.package_identification:_identify(ice_resurfacer_bringup) by extension 'python'
[1.301s] Level 1:colcon.colcon_core.package_identification:_identify(ice_resurfacer_bringup) by extensions ['python_setup_py']
[1.301s] Level 1:colcon.colcon_core.package_identification:_identify(ice_resurfacer_bringup) by extension 'python_setup_py'
[1.301s] Level 1:colcon.colcon_core.package_identification:_identify(ice_resurfacer_description) by extensions ['ignore', 'ignore_ament_install']
[1.301s] Level 1:colcon.colcon_core.package_identification:_identify(ice_resurfacer_description) by extension 'ignore'
[1.301s] Level 1:colcon.colcon_core.package_identification:_identify(ice_resurfacer_description) by extension 'ignore_ament_install'
[1.301s] Level 1:colcon.colcon_core.package_identification:_identify(ice_resurfacer_description) by extensions ['colcon_pkg']
[1.301s] Level 1:colcon.colcon_core.package_identification:_identify(ice_resurfacer_description) by extension 'colcon_pkg'
[1.301s] Level 1:colcon.colcon_core.package_identification:_identify(ice_resurfacer_description) by extensions ['colcon_meta']
[1.301s] Level 1:colcon.colcon_core.package_identification:_identify(ice_resurfacer_description) by extension 'colcon_meta'
[1.301s] Level 1:colcon.colcon_core.package_identification:_identify(ice_resurfacer_description) by extensions ['ros']
[1.301s] Level 1:colcon.colcon_core.package_identification:_identify(ice_resurfacer_description) by extension 'ros'
[1.303s] DEBUG:colcon.colcon_core.package_identification:Package 'ice_resurfacer_description' with type 'ros.ament_cmake' and name 'ice_resurfacer_description'
[1.303s] Level 1:colcon.colcon_core.package_identification:_identify(ice_resurfacer_gazebo) by extensions ['ignore', 'ignore_ament_install']
[1.303s] Level 1:colcon.colcon_core.package_identification:_identify(ice_resurfacer_gazebo) by extension 'ignore'
[1.303s] Level 1:colcon.colcon_core.package_identification:_identify(ice_resurfacer_gazebo) by extension 'ignore_ament_install'
[1.303s] Level 1:colcon.colcon_core.package_identification:_identify(ice_resurfacer_gazebo) by extensions ['colcon_pkg']
[1.303s] Level 1:colcon.colcon_core.package_identification:_identify(ice_resurfacer_gazebo) by extension 'colcon_pkg'
[1.303s] Level 1:colcon.colcon_core.package_identification:_identify(ice_resurfacer_gazebo) by extensions ['colcon_meta']
[1.303s] Level 1:colcon.colcon_core.package_identification:_identify(ice_resurfacer_gazebo) by extension 'colcon_meta'
[1.303s] Level 1:colcon.colcon_core.package_identification:_identify(ice_resurfacer_gazebo) by extensions ['ros']
[1.303s] Level 1:colcon.colcon_core.package_identification:_identify(ice_resurfacer_gazebo) by extension 'ros'
[1.304s] DEBUG:colcon.colcon_core.package_identification:Package 'ice_resurfacer_gazebo' with type 'ros.ament_cmake' and name 'ice_resurfacer_gazebo'
[1.304s] Level 1:colcon.colcon_core.package_identification:_identify(ice_resurfacer_nav) by extensions ['ignore', 'ignore_ament_install']
[1.304s] Level 1:colcon.colcon_core.package_identification:_identify(ice_resurfacer_nav) by extension 'ignore'
[1.304s] Level 1:colcon.colcon_core.package_identification:_identify(ice_resurfacer_nav) by extension 'ignore_ament_install'
[1.304s] Level 1:colcon.colcon_core.package_identification:_identify(ice_resurfacer_nav) by extensions ['colcon_pkg']
[1.304s] Level 1:colcon.colcon_core.package_identification:_identify(ice_resurfacer_nav) by extension 'colcon_pkg'
[1.304s] Level 1:colcon.colcon_core.package_identification:_identify(ice_resurfacer_nav) by extensions ['colcon_meta']
[1.304s] Level 1:colcon.colcon_core.package_identification:_identify(ice_resurfacer_nav) by extension 'colcon_meta'
[1.304s] Level 1:colcon.colcon_core.package_identification:_identify(ice_resurfacer_nav) by extensions ['ros']
[1.304s] Level 1:colcon.colcon_core.package_identification:_identify(ice_resurfacer_nav) by extension 'ros'
[1.304s] DEBUG:colcon.colcon_core.package_identification:Package 'ice_resurfacer_nav' with type 'ros.ament_cmake' and name 'ice_resurfacer_nav'
[1.304s] Level 1:colcon.colcon_core.package_identification:_identify(install) by extensions ['ignore', 'ignore_ament_install']
[1.304s] Level 1:colcon.colcon_core.package_identification:_identify(install) by extension 'ignore'
[1.305s] Level 1:colcon.colcon_core.package_identification:_identify(install) ignored
[1.305s] Level 1:colcon.colcon_core.package_identification:_identify(log) by extensions ['ignore', 'ignore_ament_install']
[1.305s] Level 1:colcon.colcon_core.package_identification:_identify(log) by extension 'ignore'
[1.305s] Level 1:colcon.colcon_core.package_identification:_identify(log) ignored
[1.305s] Level 1:colcon.colcon_core.package_identification:_identify(media) by extensions ['ignore', 'ignore_ament_install']
[1.305s] Level 1:colcon.colcon_core.package_identification:_identify(media) by extension 'ignore'
[1.305s] Level 1:colcon.colcon_core.package_identification:_identify(media) by extension 'ignore_ament_install'
[1.305s] Level 1:colcon.colcon_core.package_identification:_identify(media) by extensions ['colcon_pkg']
[1.305s] Level 1:colcon.colcon_core.package_identification:_identify(media) by extension 'colcon_pkg'
[1.305s] Level 1:colcon.colcon_core.package_identification:_identify(media) by extensions ['colcon_meta']
[1.305s] Level 1:colcon.colcon_core.package_identification:_identify(media) by extension 'colcon_meta'
[1.305s] Level 1:colcon.colcon_core.package_identification:_identify(media) by extensions ['ros']
[1.305s] Level 1:colcon.colcon_core.package_identification:_identify(media) by extension 'ros'
[1.305s] Level 1:colcon.colcon_core.package_identification:_identify(media) by extensions ['cmake', 'python']
[1.305s] Level 1:colcon.colcon_core.package_identification:_identify(media) by extension 'cmake'
[1.305s] Level 1:colcon.colcon_core.package_identification:_identify(media) by extension 'python'
[1.305s] Level 1:colcon.colcon_core.package_identification:_identify(media) by extensions ['python_setup_py']
[1.305s] Level 1:colcon.colcon_core.package_identification:_identify(media) by extension 'python_setup_py'
[1.305s] Level 1:colcon.colcon_core.package_discovery:discover_packages(recursive) using defaults
[1.305s] Level 1:colcon.colcon_core.package_discovery:discover_packages(ignore) discover
[1.305s] Level 1:colcon.colcon_core.package_discovery:discover_packages(ignore) using defaults
[1.306s] Level 1:colcon.colcon_core.package_discovery:discover_packages(path) discover
[1.306s] Level 1:colcon.colcon_core.package_discovery:discover_packages(path) using defaults
[1.363s] INFO:colcon.colcon_core.package_selection:Skipping not selected package 'ice_resurfacer_description' in 'ice_resurfacer_description'
[1.363s] INFO:colcon.colcon_core.package_selection:Skipping not selected package 'ice_resurfacer_nav' in 'ice_resurfacer_nav'
[1.387s] Level 1:colcon.colcon_core.package_discovery:discover_packages(prefix_path) check parameters
[1.387s] Level 1:colcon.colcon_core.package_discovery:discover_packages(prefix_path) discover
[1.427s] DEBUG:colcon.colcon_installed_package_information.package_discovery:Found 3 installed packages in /home/aaro/ice_resurfacer_ws/install
[1.444s] DEBUG:colcon.colcon_installed_package_information.package_discovery:Found 424 installed packages in /opt/ros/jazzy
[1.445s] Level 1:colcon.colcon_core.package_discovery:discover_packages(prefix_path) using defaults
[1.509s] Level 5:colcon.colcon_core.verb:set package 'ice_resurfacer_gazebo' build argument 'cmake_args' from command line to 'None'
[1.509s] Level 5:colcon.colcon_core.verb:set package 'ice_resurfacer_gazebo' build argument 'cmake_target' from command line to 'None'
[1.509s] Level 5:colcon.colcon_core.verb:set package 'ice_resurfacer_gazebo' build argument 'cmake_target_skip_unavailable' from command line to 'False'
[1.509s] Level 5:colcon.colcon_core.verb:set package 'ice_resurfacer_gazebo' build argument 'cmake_clean_cache' from command line to 'False'
[1.509s] Level 5:colcon.colcon_core.verb:set package 'ice_resurfacer_gazebo' build argument 'cmake_clean_first' from command line to 'False'
[1.509s] Level 5:colcon.colcon_core.verb:set package 'ice_resurfacer_gazebo' build argument 'cmake_force_configure' from command line to 'False'
[1.509s] Level 5:colcon.colcon_core.verb:set package 'ice_resurfacer_gazebo' build argument 'ament_cmake_args' from command line to 'None'
[1.509s] Level 5:colcon.colcon_core.verb:set package 'ice_resurfacer_gazebo' build argument 'catkin_cmake_args' from command line to 'None'
[1.509s] Level 5:colcon.colcon_core.verb:set package 'ice_resurfacer_gazebo' build argument 'catkin_skip_building_tests' from command line to 'False'
[1.509s] DEBUG:colcon.colcon_core.verb:Building package 'ice_resurfacer_gazebo' with the following arguments: {'ament_cmake_args': None, 'build_base': '/home/aaro/ice_resurfacer_ws/src/build/ice_resurfacer_gazebo', 'catkin_cmake_args': None, 'catkin_skip_building_tests': False, 'cmake_args': None, 'cmake_clean_cache': False, 'cmake_clean_first': False, 'cmake_force_configure': False, 'cmake_target': None, 'cmake_target_skip_unavailable': False, 'install_base': '/home/aaro/ice_resurfacer_ws/src/install/ice_resurfacer_gazebo', 'merge_install': False, 'path': '/home/aaro/ice_resurfacer_ws/src/ice_resurfacer_gazebo', 'symlink_install': True, 'test_result_base': None}
[1.523s] INFO:colcon.colcon_core.executor:Executing jobs using 'parallel' executor
[1.535s] DEBUG:colcon.colcon_parallel_executor.executor.parallel:run_until_complete
[1.536s] INFO:colcon.colcon_ros.task.ament_cmake.build:Building ROS package in '/home/aaro/ice_resurfacer_ws/src/ice_resurfacer_gazebo' with build type 'ament_cmake'
[1.536s] INFO:colcon.colcon_cmake.task.cmake.build:Building CMake package in '/home/aaro/ice_resurfacer_ws/src/ice_resurfacer_gazebo'
[1.553s] INFO:colcon.colcon_core.plugin_system:Skipping extension 'colcon_core.shell.bat': Not used on non-Windows systems
[1.553s] INFO:colcon.colcon_core.shell:Skip shell extension 'powershell' for command environment: Not usable outside of PowerShell
[1.553s] DEBUG:colcon.colcon_core.shell:Skip shell extension 'dsv' for command environment
[1.629s] DEBUG:colcon.colcon_core.event_handler.log_command:Invoking command in '/home/aaro/ice_resurfacer_ws/src/build/ice_resurfacer_gazebo': AMENT_PREFIX_PATH=/home/aaro/ice_resurfacer_ws/src/install/ice_resurfacer_description:${AMENT_PREFIX_PATH} CMAKE_PREFIX_PATH=/home/aaro/ice_resurfacer_ws/src/install/ice_resurfacer_description:/home/aaro/ice_resurfacer_ws/install/ice_resurfacer_nav:/home/aaro/ice_resurfacer_ws/install/ice_resurfacer_gazebo:/home/aaro/ice_resurfacer_ws/install/ice_resurfacer_description:/opt/ros/jazzy/opt/gz_sim_vendor:/opt/ros/jazzy/opt/gz_sensors_vendor:/opt/ros/jazzy/opt/gz_physics_vendor:/opt/ros/jazzy/opt/sdformat_vendor:/opt/ros/jazzy/opt/gz_gui_vendor:/opt/ros/jazzy/opt/gz_transport_vendor:/opt/ros/jazzy/opt/gz_rendering_vendor:/opt/ros/jazzy/opt/gz_plugin_vendor:/opt/ros/jazzy/opt/gz_fuel_tools_vendor:/opt/ros/jazzy/opt/gz_msgs_vendor:/opt/ros/jazzy/opt/gz_common_vendor:/opt/ros/jazzy/opt/gz_math_vendor:/opt/ros/jazzy/opt/gz_utils_vendor:/opt/ros/jazzy/opt/gz_tools_vendor:/opt/ros/jazzy/opt/gz_ogre_next_vendor:/opt/ros/jazzy/opt/gz_dartsim_vendor:/opt/ros/jazzy/opt/gz_cmake_vendor:/opt/ros/jazzy /usr/bin/cmake --build /home/aaro/ice_resurfacer_ws/src/build/ice_resurfacer_gazebo -- -j16 -l16
[1.665s] DEBUG:colcon.colcon_core.event_handler.log_command:Invoked command in '/home/aaro/ice_resurfacer_ws/src/build/ice_resurfacer_gazebo' returned '0': AMENT_PREFIX_PATH=/home/aaro/ice_resurfacer_ws/src/install/ice_resurfacer_description:${AMENT_PREFIX_PATH} CMAKE_PREFIX_PATH=/home/aaro/ice_resurfacer_ws/src/install/ice_resurfacer_description:/home/aaro/ice_resurfacer_ws/install/ice_resurfacer_nav:/home/aaro/ice_resurfacer_ws/install/ice_resurfacer_gazebo:/home/aaro/ice_resurfacer_ws/install/ice_resurfacer_description:/opt/ros/jazzy/opt/gz_sim_vendor:/opt/ros/jazzy/opt/gz_sensors_vendor:/opt/ros/jazzy/opt/gz_physics_vendor:/opt/ros/jazzy/opt/sdformat_vendor:/opt/ros/jazzy/opt/gz_gui_vendor:/opt/ros/jazzy/opt/gz_transport_vendor:/opt/ros/jazzy/opt/gz_rendering_vendor:/opt/ros/jazzy/opt/gz_plugin_vendor:/opt/ros/jazzy/opt/gz_fuel_tools_vendor:/opt/ros/jazzy/opt/gz_msgs_vendor:/opt/ros/jazzy/opt/gz_common_vendor:/opt/ros/jazzy/opt/gz_math_vendor:/opt/ros/jazzy/opt/gz_utils_vendor:/opt/ros/jazzy/opt/gz_tools_vendor:/opt/ros/jazzy/opt/gz_ogre_next_vendor:/opt/ros/jazzy/opt/gz_dartsim_vendor:/opt/ros/jazzy/opt/gz_cmake_vendor:/opt/ros/jazzy /usr/bin/cmake --build /home/aaro/ice_resurfacer_ws/src/build/ice_resurfacer_gazebo -- -j16 -l16
[1.690s] DEBUG:colcon.colcon_core.event_handler.log_command:Invoking command in '/home/aaro/ice_resurfacer_ws/src/build/ice_resurfacer_gazebo': AMENT_PREFIX_PATH=/home/aaro/ice_resurfacer_ws/src/install/ice_resurfacer_description:${AMENT_PREFIX_PATH} CMAKE_PREFIX_PATH=/home/aaro/ice_resurfacer_ws/src/install/ice_resurfacer_description:/home/aaro/ice_resurfacer_ws/install/ice_resurfacer_nav:/home/aaro/ice_resurfacer_ws/install/ice_resurfacer_gazebo:/home/aaro/ice_resurfacer_ws/install/ice_resurfacer_description:/opt/ros/jazzy/opt/gz_sim_vendor:/opt/ros/jazzy/opt/gz_sensors_vendor:/opt/ros/jazzy/opt/gz_physics_vendor:/opt/ros/jazzy/opt/sdformat_vendor:/opt/ros/jazzy/opt/gz_gui_vendor:/opt/ros/jazzy/opt/gz_transport_vendor:/opt/ros/jazzy/opt/gz_rendering_vendor:/opt/ros/jazzy/opt/gz_plugin_vendor:/opt/ros/jazzy/opt/gz_fuel_tools_vendor:/opt/ros/jazzy/opt/gz_msgs_vendor:/opt/ros/jazzy/opt/gz_common_vendor:/opt/ros/jazzy/opt/gz_math_vendor:/opt/ros/jazzy/opt/gz_utils_vendor:/opt/ros/jazzy/opt/gz_tools_vendor:/opt/ros/jazzy/opt/gz_ogre_next_vendor:/opt/ros/jazzy/opt/gz_dartsim_vendor:/opt/ros/jazzy/opt/gz_cmake_vendor:/opt/ros/jazzy /usr/bin/cmake --install /home/aaro/ice_resurfacer_ws/src/build/ice_resurfacer_gazebo
[1.716s] Level 1:colcon.colcon_core.environment:create_environment_scripts_only(ice_resurfacer_gazebo)
[1.717s] DEBUG:colcon.colcon_core.event_handler.log_command:Invoked command in '/home/aaro/ice_resurfacer_ws/src/build/ice_resurfacer_gazebo' returned '0': AMENT_PREFIX_PATH=/home/aaro/ice_resurfacer_ws/src/install/ice_resurfacer_description:${AMENT_PREFIX_PATH} CMAKE_PREFIX_PATH=/home/aaro/ice_resurfacer_ws/src/install/ice_resurfacer_description:/home/aaro/ice_resurfacer_ws/install/ice_resurfacer_nav:/home/aaro/ice_resurfacer_ws/install/ice_resurfacer_gazebo:/home/aaro/ice_resurfacer_ws/install/ice_resurfacer_description:/opt/ros/jazzy/opt/gz_sim_vendor:/opt/ros/jazzy/opt/gz_sensors_vendor:/opt/ros/jazzy/opt/gz_physics_vendor:/opt/ros/jazzy/opt/sdformat_vendor:/opt/ros/jazzy/opt/gz_gui_vendor:/opt/ros/jazzy/opt/gz_transport_vendor:/opt/ros/jazzy/opt/gz_rendering_vendor:/opt/ros/jazzy/opt/gz_plugin_vendor:/opt/ros/jazzy/opt/gz_fuel_tools_vendor:/opt/ros/jazzy/opt/gz_msgs_vendor:/opt/ros/jazzy/opt/gz_common_vendor:/opt/ros/jazzy/opt/gz_math_vendor:/opt/ros/jazzy/opt/gz_utils_vendor:/opt/ros/jazzy/opt/gz_tools_vendor:/opt/ros/jazzy/opt/gz_ogre_next_vendor:/opt/ros/jazzy/opt/gz_dartsim_vendor:/opt/ros/jazzy/opt/gz_cmake_vendor:/opt/ros/jazzy /usr/bin/cmake --install /home/aaro/ice_resurfacer_ws/src/build/ice_resurfacer_gazebo
[1.730s] Level 1:colcon.colcon_core.environment:checking '/home/aaro/ice_resurfacer_ws/src/install/ice_resurfacer_gazebo' for CMake module files
[1.731s] Level 1:colcon.colcon_core.environment:checking '/home/aaro/ice_resurfacer_ws/src/install/ice_resurfacer_gazebo' for CMake config files
[1.731s] Level 1:colcon.colcon_core.shell:create_environment_hook('ice_resurfacer_gazebo', 'cmake_prefix_path')
[1.745s] INFO:colcon.colcon_core.shell:Creating environment hook '/home/aaro/ice_resurfacer_ws/src/install/ice_resurfacer_gazebo/share/ice_resurfacer_gazebo/hook/cmake_prefix_path.ps1'
[1.746s] INFO:colcon.colcon_core.shell:Creating environment descriptor '/home/aaro/ice_resurfacer_ws/src/install/ice_resurfacer_gazebo/share/ice_resurfacer_gazebo/hook/cmake_prefix_path.dsv'
[1.747s] INFO:colcon.colcon_core.shell:Creating environment hook '/home/aaro/ice_resurfacer_ws/src/install/ice_resurfacer_gazebo/share/ice_resurfacer_gazebo/hook/cmake_prefix_path.sh'
[1.748s] Level 1:colcon.colcon_core.environment:checking '/home/aaro/ice_resurfacer_ws/src/install/ice_resurfacer_gazebo/bin'
[1.749s] Level 1:colcon.colcon_core.environment:checking '/home/aaro/ice_resurfacer_ws/src/install/ice_resurfacer_gazebo/lib/pkgconfig/ice_resurfacer_gazebo.pc'
[1.749s] Level 1:colcon.colcon_core.environment:checking '/home/aaro/ice_resurfacer_ws/src/install/ice_resurfacer_gazebo/lib/python3.12/site-packages'
[1.749s] Level 1:colcon.colcon_core.environment:checking '/home/aaro/ice_resurfacer_ws/src/install/ice_resurfacer_gazebo/bin'
[1.763s] INFO:colcon.colcon_core.shell:Creating package script '/home/aaro/ice_resurfacer_ws/src/install/ice_resurfacer_gazebo/share/ice_resurfacer_gazebo/package.ps1'
[1.763s] INFO:colcon.colcon_core.shell:Creating package descriptor '/home/aaro/ice_resurfacer_ws/src/install/ice_resurfacer_gazebo/share/ice_resurfacer_gazebo/package.dsv'
[1.764s] INFO:colcon.colcon_core.shell:Creating package script '/home/aaro/ice_resurfacer_ws/src/install/ice_resurfacer_gazebo/share/ice_resurfacer_gazebo/package.sh'
[1.764s] INFO:colcon.colcon_core.shell:Creating package script '/home/aaro/ice_resurfacer_ws/src/install/ice_resurfacer_gazebo/share/ice_resurfacer_gazebo/package.bash'
[1.765s] INFO:colcon.colcon_core.shell:Creating package script '/home/aaro/ice_resurfacer_ws/src/install/ice_resurfacer_gazebo/share/ice_resurfacer_gazebo/package.zsh'
[1.765s] Level 1:colcon.colcon_core.environment:create_file_with_runtime_dependencies(/home/aaro/ice_resurfacer_ws/src/install/ice_resurfacer_gazebo/share/colcon-core/packages/ice_resurfacer_gazebo)
[1.796s] Level 1:colcon.colcon_core.environment:create_environment_scripts_only(ice_resurfacer_gazebo)
[1.813s] Level 1:colcon.colcon_core.environment:checking '/home/aaro/ice_resurfacer_ws/src/install/ice_resurfacer_gazebo' for CMake module files
[1.814s] Level 1:colcon.colcon_core.environment:checking '/home/aaro/ice_resurfacer_ws/src/install/ice_resurfacer_gazebo' for CMake config files
[1.814s] Level 1:colcon.colcon_core.shell:create_environment_hook('ice_resurfacer_gazebo', 'cmake_prefix_path')
[1.829s] INFO:colcon.colcon_core.shell:Creating environment hook '/home/aaro/ice_resurfacer_ws/src/install/ice_resurfacer_gazebo/share/ice_resurfacer_gazebo/hook/cmake_prefix_path.ps1'
[1.829s] INFO:colcon.colcon_core.shell:Creating environment descriptor '/home/aaro/ice_resurfacer_ws/src/install/ice_resurfacer_gazebo/share/ice_resurfacer_gazebo/hook/cmake_prefix_path.dsv'
[1.829s] INFO:colcon.colcon_core.shell:Creating environment hook '/home/aaro/ice_resurfacer_ws/src/install/ice_resurfacer_gazebo/share/ice_resurfacer_gazebo/hook/cmake_prefix_path.sh'
[1.830s] Level 1:colcon.colcon_core.environment:checking '/home/aaro/ice_resurfacer_ws/src/install/ice_resurfacer_gazebo/bin'
[1.830s] Level 1:colcon.colcon_core.environment:checking '/home/aaro/ice_resurfacer_ws/src/install/ice_resurfacer_gazebo/lib/pkgconfig/ice_resurfacer_gazebo.pc'
[1.830s] Level 1:colcon.colcon_core.environment:checking '/home/aaro/ice_resurfacer_ws/src/install/ice_resurfacer_gazebo/lib/python3.12/site-packages'
[1.830s] Level 1:colcon.colcon_core.environment:checking '/home/aaro/ice_resurfacer_ws/src/install/ice_resurfacer_gazebo/bin'
[1.849s] INFO:colcon.colcon_core.shell:Creating package script '/home/aaro/ice_resurfacer_ws/src/install/ice_resurfacer_gazebo/share/ice_resurfacer_gazebo/package.ps1'
[1.850s] INFO:colcon.colcon_core.shell:Creating package descriptor '/home/aaro/ice_resurfacer_ws/src/install/ice_resurfacer_gazebo/share/ice_resurfacer_gazebo/package.dsv'
[1.850s] INFO:colcon.colcon_core.shell:Creating package script '/home/aaro/ice_resurfacer_ws/src/install/ice_resurfacer_gazebo/share/ice_resurfacer_gazebo/package.sh'
[1.851s] INFO:colcon.colcon_core.shell:Creating package script '/home/aaro/ice_resurfacer_ws/src/install/ice_resurfacer_gazebo/share/ice_resurfacer_gazebo/package.bash'
[1.851s] INFO:colcon.colcon_core.shell:Creating package script '/home/aaro/ice_resurfacer_ws/src/install/ice_resurfacer_gazebo/share/ice_resurfacer_gazebo/package.zsh'
[1.852s] Level 1:colcon.colcon_core.environment:create_file_with_runtime_dependencies(/home/aaro/ice_resurfacer_ws/src/install/ice_resurfacer_gazebo/share/colcon-core/packages/ice_resurfacer_gazebo)
[1.852s] DEBUG:colcon.colcon_parallel_executor.executor.parallel:closing loop
[1.853s] DEBUG:colcon.colcon_parallel_executor.executor.parallel:loop closed
[1.853s] DEBUG:colcon.colcon_parallel_executor.executor.parallel:run_until_complete finished with '0'
[1.853s] DEBUG:colcon.colcon_core.event_reactor:joining thread
[1.873s] INFO:colcon.colcon_core.plugin_system:Skipping extension 'colcon_notification.desktop_notification.terminal_notifier': Not used on non-Darwin systems
[1.873s] INFO:colcon.colcon_core.plugin_system:Skipping extension 'colcon_notification.desktop_notification.win32': Not used on non-Windows systems
[1.873s] INFO:colcon.colcon_notification.desktop_notification:Sending desktop notification using 'notify2'
[1.874s] DEBUG:colcon.colcon_notification.desktop_notification.notify2:Failed to initialize notify2: org.freedesktop.DBus.Error.ServiceUnknown: The name org.freedesktop.Notifications was not provided by any .service files
[1.874s] DEBUG:colcon.colcon_core.event_reactor:joined thread
[1.889s] INFO:colcon.colcon_core.shell:Creating prefix script '/home/aaro/ice_resurfacer_ws/src/install/local_setup.ps1'
[1.889s] INFO:colcon.colcon_core.shell:Creating prefix util module '/home/aaro/ice_resurfacer_ws/src/install/_local_setup_util_ps1.py'
[1.890s] INFO:colcon.colcon_core.shell:Creating prefix chain script '/home/aaro/ice_resurfacer_ws/src/install/setup.ps1'
[1.903s] INFO:colcon.colcon_core.shell:Creating prefix script '/home/aaro/ice_resurfacer_ws/src/install/local_setup.sh'
[1.904s] INFO:colcon.colcon_core.shell:Creating prefix util module '/home/aaro/ice_resurfacer_ws/src/install/_local_setup_util_sh.py'
[1.904s] INFO:colcon.colcon_core.shell:Creating prefix chain script '/home/aaro/ice_resurfacer_ws/src/install/setup.sh'
[1.919s] INFO:colcon.colcon_core.shell:Creating prefix script '/home/aaro/ice_resurfacer_ws/src/install/local_setup.bash'
[1.920s] INFO:colcon.colcon_core.shell:Creating prefix chain script '/home/aaro/ice_resurfacer_ws/src/install/setup.bash'
[1.933s] INFO:colcon.colcon_core.shell:Creating prefix script '/home/aaro/ice_resurfacer_ws/src/install/local_setup.zsh'
[1.933s] INFO:colcon.colcon_core.shell:Creating prefix chain script '/home/aaro/ice_resurfacer_ws/src/install/setup.zsh'
