[0.931s] DEBUG:colcon:Command line arguments: ['/usr/bin/colcon', 'build', '--symlink-install']
[0.931s] DEBUG:colcon:Parsed command line arguments: Namespace(log_base=None, log_level=None, verb_name='build', build_base='build', install_base='install', merge_install=False, symlink_install=True, test_result_base=None, continue_on_error=False, executor='parallel', parallel_workers=16, event_handlers=None, ignore_user_meta=False, metas=['./colcon.meta'], base_paths=['.'], packages_ignore=None, packages_ignore_regex=None, paths=None, packages_up_to=None, packages_up_to_regex=None, packages_above=None, packages_above_and_dependencies=None, packages_above_depth=None, packages_select_by_dep=None, packages_skip_by_dep=None, packages_skip_up_to=None, packages_select_build_failed=False, packages_skip_build_finished=False, packages_select_test_failures=False, packages_skip_test_passed=False, packages_select=None, packages_skip=None, packages_select_regex=None, packages_skip_regex=None, packages_start=None, packages_end=None, allow_overriding=[], cmake_args=None, cmake_target=None, cmake_target_skip_unavailable=False, cmake_clean_cache=False, cmake_clean_first=False, cmake_force_configure=False, ament_cmake_args=None, catkin_cmake_args=None, catkin_skip_building_tests=False, mixin_files=None, mixin=None, verb_parser=<colcon_mixin.mixin.mixin_argument.MixinArgumentDecorator object at 0x7cf713d065a0>, verb_extension=<colcon_core.verb.build.BuildVerb object at 0x7cf7140c5760>, main=<bound method BuildVerb.main of <colcon_core.verb.build.BuildVerb object at 0x7cf7140c5760>>, mixin_verb=('build',))
[0.973s] Level 1:colcon.colcon_core.package_discovery:discover_packages(colcon_meta) check parameters
[0.973s] Level 1:colcon.colcon_core.package_discovery:discover_packages(recursive) check parameters
[0.973s] Level 1:colcon.colcon_core.package_discovery:discover_packages(ignore) check parameters
[0.973s] Level 1:colcon.colcon_core.package_discovery:discover_packages(path) check parameters
[0.973s] Level 1:colcon.colcon_core.package_discovery:discover_packages(colcon_meta) discover
[0.973s] Level 1:colcon.colcon_core.package_discovery:discover_packages(recursive) discover
[0.973s] INFO:colcon.colcon_core.package_discovery:Crawling recursively for packages in '/home/aaro/ice_resurfacer_ws/src'
[0.973s] Level 1:colcon.colcon_core.package_identification:_identify(.) by extensions ['ignore', 'ignore_ament_install']
[0.974s] Level 1:colcon.colcon_core.package_identification:_identify(.) by extension 'ignore'
[0.974s] Level 1:colcon.colcon_core.package_identification:_identify(.) by extension 'ignore_ament_install'
[0.974s] Level 1:colcon.colcon_core.package_identification:_identify(.) by extensions ['colcon_pkg']
[0.974s] Level 1:colcon.colcon_core.package_identification:_identify(.) by extension 'colcon_pkg'
[0.974s] Level 1:colcon.colcon_core.package_identification:_identify(.) by extensions ['colcon_meta']
[0.974s] Level 1:colcon.colcon_core.package_identification:_identify(.) by extension 'colcon_meta'
[0.974s] Level 1:colcon.colcon_core.package_identification:_identify(.) by extensions ['ros']
[0.974s] Level 1:colcon.colcon_core.package_identification:_identify(.) by extension 'ros'
[0.990s] Level 1:colcon.colcon_core.package_identification:_identify(.) by extensions ['cmake', 'python']
[0.990s] Level 1:colcon.colcon_core.package_identification:_identify(.) by extension 'cmake'
[0.990s] Level 1:colcon.colcon_core.package_identification:_identify(.) by extension 'python'
[0.990s] Level 1:colcon.colcon_core.package_identification:_identify(.) by extensions ['python_setup_py']
[0.990s] Level 1:colcon.colcon_core.package_identification:_identify(.) by extension 'python_setup_py'
[0.990s] Level 1:colcon.colcon_core.package_identification:_identify(build) by extensions ['ignore', 'ignore_ament_install']
[0.990s] Level 1:colcon.colcon_core.package_identification:_identify(build) by extension 'ignore'
[0.991s] Level 1:colcon.colcon_core.package_identification:_identify(build) ignored
[0.991s] Level 1:colcon.colcon_core.package_identification:_identify(documentation) by extensions ['ignore', 'ignore_ament_install']
[0.991s] Level 1:colcon.colcon_core.package_identification:_identify(documentation) by extension 'ignore'
[0.991s] Level 1:colcon.colcon_core.package_identification:_identify(documentation) by extension 'ignore_ament_install'
[0.991s] Level 1:colcon.colcon_core.package_identification:_identify(documentation) by extensions ['colcon_pkg']
[0.991s] Level 1:colcon.colcon_core.package_identification:_identify(documentation) by extension 'colcon_pkg'
[0.991s] Level 1:colcon.colcon_core.package_identification:_identify(documentation) by extensions ['colcon_meta']
[0.991s] Level 1:colcon.colcon_core.package_identification:_identify(documentation) by extension 'colcon_meta'
[0.991s] Level 1:colcon.colcon_core.package_identification:_identify(documentation) by extensions ['ros']
[0.991s] Level 1:colcon.colcon_core.package_identification:_identify(documentation) by extension 'ros'
[0.991s] Level 1:colcon.colcon_core.package_identification:_identify(documentation) by extensions ['cmake', 'python']
[0.991s] Level 1:colcon.colcon_core.package_identification:_identify(documentation) by extension 'cmake'
[0.991s] Level 1:colcon.colcon_core.package_identification:_identify(documentation) by extension 'python'
[0.991s] Level 1:colcon.colcon_core.package_identification:_identify(documentation) by extensions ['python_setup_py']
[0.991s] Level 1:colcon.colcon_core.package_identification:_identify(documentation) by extension 'python_setup_py'
[0.991s] Level 1:colcon.colcon_core.package_identification:_identify(ice_resurfacer_bringup) by extensions ['ignore', 'ignore_ament_install']
[0.991s] Level 1:colcon.colcon_core.package_identification:_identify(ice_resurfacer_bringup) by extension 'ignore'
[0.991s] Level 1:colcon.colcon_core.package_identification:_identify(ice_resurfacer_bringup) by extension 'ignore_ament_install'
[0.991s] Level 1:colcon.colcon_core.package_identification:_identify(ice_resurfacer_bringup) by extensions ['colcon_pkg']
[0.991s] Level 1:colcon.colcon_core.package_identification:_identify(ice_resurfacer_bringup) by extension 'colcon_pkg'
[0.991s] Level 1:colcon.colcon_core.package_identification:_identify(ice_resurfacer_bringup) by extensions ['colcon_meta']
[0.991s] Level 1:colcon.colcon_core.package_identification:_identify(ice_resurfacer_bringup) by extension 'colcon_meta'
[0.992s] Level 1:colcon.colcon_core.package_identification:_identify(ice_resurfacer_bringup) by extensions ['ros']
[0.992s] Level 1:colcon.colcon_core.package_identification:_identify(ice_resurfacer_bringup) by extension 'ros'
[0.992s] Level 1:colcon.colcon_core.package_identification:_identify(ice_resurfacer_bringup) by extensions ['cmake', 'python']
[0.992s] Level 1:colcon.colcon_core.package_identification:_identify(ice_resurfacer_bringup) by extension 'cmake'
[0.992s] Level 1:colcon.colcon_core.package_identification:_identify(ice_resurfacer_bringup) by extension 'python'
[0.992s] Level 1:colcon.colcon_core.package_identification:_identify(ice_resurfacer_bringup) by extensions ['python_setup_py']
[0.992s] Level 1:colcon.colcon_core.package_identification:_identify(ice_resurfacer_bringup) by extension 'python_setup_py'
[0.992s] Level 1:colcon.colcon_core.package_identification:_identify(ice_resurfacer_description) by extensions ['ignore', 'ignore_ament_install']
[0.992s] Level 1:colcon.colcon_core.package_identification:_identify(ice_resurfacer_description) by extension 'ignore'
[0.992s] Level 1:colcon.colcon_core.package_identification:_identify(ice_resurfacer_description) by extension 'ignore_ament_install'
[0.992s] Level 1:colcon.colcon_core.package_identification:_identify(ice_resurfacer_description) by extensions ['colcon_pkg']
[0.992s] Level 1:colcon.colcon_core.package_identification:_identify(ice_resurfacer_description) by extension 'colcon_pkg'
[0.992s] Level 1:colcon.colcon_core.package_identification:_identify(ice_resurfacer_description) by extensions ['colcon_meta']
[0.992s] Level 1:colcon.colcon_core.package_identification:_identify(ice_resurfacer_description) by extension 'colcon_meta'
[0.992s] Level 1:colcon.colcon_core.package_identification:_identify(ice_resurfacer_description) by extensions ['ros']
[0.992s] Level 1:colcon.colcon_core.package_identification:_identify(ice_resurfacer_description) by extension 'ros'
[0.994s] DEBUG:colcon.colcon_core.package_identification:Package 'ice_resurfacer_description' with type 'ros.ament_cmake' and name 'ice_resurfacer_description'
[0.994s] Level 1:colcon.colcon_core.package_identification:_identify(ice_resurfacer_gazebo) by extensions ['ignore', 'ignore_ament_install']
[0.994s] Level 1:colcon.colcon_core.package_identification:_identify(ice_resurfacer_gazebo) by extension 'ignore'
[0.994s] Level 1:colcon.colcon_core.package_identification:_identify(ice_resurfacer_gazebo) by extension 'ignore_ament_install'
[0.994s] Level 1:colcon.colcon_core.package_identification:_identify(ice_resurfacer_gazebo) by extensions ['colcon_pkg']
[0.994s] Level 1:colcon.colcon_core.package_identification:_identify(ice_resurfacer_gazebo) by extension 'colcon_pkg'
[0.994s] Level 1:colcon.colcon_core.package_identification:_identify(ice_resurfacer_gazebo) by extensions ['colcon_meta']
[0.994s] Level 1:colcon.colcon_core.package_identification:_identify(ice_resurfacer_gazebo) by extension 'colcon_meta'
[0.994s] Level 1:colcon.colcon_core.package_identification:_identify(ice_resurfacer_gazebo) by extensions ['ros']
[0.994s] Level 1:colcon.colcon_core.package_identification:_identify(ice_resurfacer_gazebo) by extension 'ros'
[0.994s] DEBUG:colcon.colcon_core.package_identification:Package 'ice_resurfacer_gazebo' with type 'ros.ament_cmake' and name 'ice_resurfacer_gazebo'
[0.994s] Level 1:colcon.colcon_core.package_identification:_identify(ice_resurfacer_nav) by extensions ['ignore', 'ignore_ament_install']
[0.994s] Level 1:colcon.colcon_core.package_identification:_identify(ice_resurfacer_nav) by extension 'ignore'
[0.994s] Level 1:colcon.colcon_core.package_identification:_identify(ice_resurfacer_nav) by extension 'ignore_ament_install'
[0.995s] Level 1:colcon.colcon_core.package_identification:_identify(ice_resurfacer_nav) by extensions ['colcon_pkg']
[0.995s] Level 1:colcon.colcon_core.package_identification:_identify(ice_resurfacer_nav) by extension 'colcon_pkg'
[0.995s] Level 1:colcon.colcon_core.package_identification:_identify(ice_resurfacer_nav) by extensions ['colcon_meta']
[0.995s] Level 1:colcon.colcon_core.package_identification:_identify(ice_resurfacer_nav) by extension 'colcon_meta'
[0.995s] Level 1:colcon.colcon_core.package_identification:_identify(ice_resurfacer_nav) by extensions ['ros']
[0.995s] Level 1:colcon.colcon_core.package_identification:_identify(ice_resurfacer_nav) by extension 'ros'
[0.995s] DEBUG:colcon.colcon_core.package_identification:Package 'ice_resurfacer_nav' with type 'ros.ament_cmake' and name 'ice_resurfacer_nav'
[0.995s] Level 1:colcon.colcon_core.package_identification:_identify(install) by extensions ['ignore', 'ignore_ament_install']
[0.995s] Level 1:colcon.colcon_core.package_identification:_identify(install) by extension 'ignore'
[0.995s] Level 1:colcon.colcon_core.package_identification:_identify(install) ignored
[0.995s] Level 1:colcon.colcon_core.package_identification:_identify(log) by extensions ['ignore', 'ignore_ament_install']
[0.995s] Level 1:colcon.colcon_core.package_identification:_identify(log) by extension 'ignore'
[0.995s] Level 1:colcon.colcon_core.package_identification:_identify(log) ignored
[0.995s] Level 1:colcon.colcon_core.package_identification:_identify(media) by extensions ['ignore', 'ignore_ament_install']
[0.995s] Level 1:colcon.colcon_core.package_identification:_identify(media) by extension 'ignore'
[0.995s] Level 1:colcon.colcon_core.package_identification:_identify(media) by extension 'ignore_ament_install'
[0.995s] Level 1:colcon.colcon_core.package_identification:_identify(media) by extensions ['colcon_pkg']
[0.995s] Level 1:colcon.colcon_core.package_identification:_identify(media) by extension 'colcon_pkg'
[0.996s] Level 1:colcon.colcon_core.package_identification:_identify(media) by extensions ['colcon_meta']
[0.996s] Level 1:colcon.colcon_core.package_identification:_identify(media) by extension 'colcon_meta'
[0.996s] Level 1:colcon.colcon_core.package_identification:_identify(media) by extensions ['ros']
[0.996s] Level 1:colcon.colcon_core.package_identification:_identify(media) by extension 'ros'
[0.996s] Level 1:colcon.colcon_core.package_identification:_identify(media) by extensions ['cmake', 'python']
[0.996s] Level 1:colcon.colcon_core.package_identification:_identify(media) by extension 'cmake'
[0.996s] Level 1:colcon.colcon_core.package_identification:_identify(media) by extension 'python'
[0.996s] Level 1:colcon.colcon_core.package_identification:_identify(media) by extensions ['python_setup_py']
[0.996s] Level 1:colcon.colcon_core.package_identification:_identify(media) by extension 'python_setup_py'
[0.996s] Level 1:colcon.colcon_core.package_discovery:discover_packages(recursive) using defaults
[0.996s] Level 1:colcon.colcon_core.package_discovery:discover_packages(ignore) discover
[0.996s] Level 1:colcon.colcon_core.package_discovery:discover_packages(ignore) using defaults
[0.996s] Level 1:colcon.colcon_core.package_discovery:discover_packages(path) discover
[0.996s] Level 1:colcon.colcon_core.package_discovery:discover_packages(path) using defaults
[1.065s] Level 1:colcon.colcon_core.package_discovery:discover_packages(prefix_path) check parameters
[1.065s] Level 1:colcon.colcon_core.package_discovery:discover_packages(prefix_path) discover
[1.097s] DEBUG:colcon.colcon_installed_package_information.package_discovery:Found 3 installed packages in /home/aaro/ice_resurfacer_ws/src/install
[1.110s] DEBUG:colcon.colcon_installed_package_information.package_discovery:Found 424 installed packages in /opt/ros/jazzy
[1.110s] Level 1:colcon.colcon_core.package_discovery:discover_packages(prefix_path) using defaults
[1.165s] Level 5:colcon.colcon_core.verb:set package 'ice_resurfacer_description' build argument 'cmake_args' from command line to 'None'
[1.165s] Level 5:colcon.colcon_core.verb:set package 'ice_resurfacer_description' build argument 'cmake_target' from command line to 'None'
[1.165s] Level 5:colcon.colcon_core.verb:set package 'ice_resurfacer_description' build argument 'cmake_target_skip_unavailable' from command line to 'False'
[1.165s] Level 5:colcon.colcon_core.verb:set package 'ice_resurfacer_description' build argument 'cmake_clean_cache' from command line to 'False'
[1.165s] Level 5:colcon.colcon_core.verb:set package 'ice_resurfacer_description' build argument 'cmake_clean_first' from command line to 'False'
[1.165s] Level 5:colcon.colcon_core.verb:set package 'ice_resurfacer_description' build argument 'cmake_force_configure' from command line to 'False'
[1.165s] Level 5:colcon.colcon_core.verb:set package 'ice_resurfacer_description' build argument 'ament_cmake_args' from command line to 'None'
[1.165s] Level 5:colcon.colcon_core.verb:set package 'ice_resurfacer_description' build argument 'catkin_cmake_args' from command line to 'None'
[1.165s] Level 5:colcon.colcon_core.verb:set package 'ice_resurfacer_description' build argument 'catkin_skip_building_tests' from command line to 'False'
[1.165s] DEBUG:colcon.colcon_core.verb:Building package 'ice_resurfacer_description' with the following arguments: {'ament_cmake_args': None, 'build_base': '/home/aaro/ice_resurfacer_ws/src/build/ice_resurfacer_description', 'catkin_cmake_args': None, 'catkin_skip_building_tests': False, 'cmake_args': None, 'cmake_clean_cache': False, 'cmake_clean_first': False, 'cmake_force_configure': False, 'cmake_target': None, 'cmake_target_skip_unavailable': False, 'install_base': '/home/aaro/ice_resurfacer_ws/src/install/ice_resurfacer_description', 'merge_install': False, 'path': '/home/aaro/ice_resurfacer_ws/src/ice_resurfacer_description', 'symlink_install': True, 'test_result_base': None}
[1.176s] Level 5:colcon.colcon_core.verb:set package 'ice_resurfacer_nav' build argument 'cmake_args' from command line to 'None'
[1.176s] Level 5:colcon.colcon_core.verb:set package 'ice_resurfacer_nav' build argument 'cmake_target' from command line to 'None'
[1.176s] Level 5:colcon.colcon_core.verb:set package 'ice_resurfacer_nav' build argument 'cmake_target_skip_unavailable' from command line to 'False'
[1.176s] Level 5:colcon.colcon_core.verb:set package 'ice_resurfacer_nav' build argument 'cmake_clean_cache' from command line to 'False'
[1.176s] Level 5:colcon.colcon_core.verb:set package 'ice_resurfacer_nav' build argument 'cmake_clean_first' from command line to 'False'
[1.176s] Level 5:colcon.colcon_core.verb:set package 'ice_resurfacer_nav' build argument 'cmake_force_configure' from command line to 'False'
[1.176s] Level 5:colcon.colcon_core.verb:set package 'ice_resurfacer_nav' build argument 'ament_cmake_args' from command line to 'None'
[1.176s] Level 5:colcon.colcon_core.verb:set package 'ice_resurfacer_nav' build argument 'catkin_cmake_args' from command line to 'None'
[1.176s] Level 5:colcon.colcon_core.verb:set package 'ice_resurfacer_nav' build argument 'catkin_skip_building_tests' from command line to 'False'
[1.176s] DEBUG:colcon.colcon_core.verb:Building package 'ice_resurfacer_nav' with the following arguments: {'ament_cmake_args': None, 'build_base': '/home/aaro/ice_resurfacer_ws/src/build/ice_resurfacer_nav', 'catkin_cmake_args': None, 'catkin_skip_building_tests': False, 'cmake_args': None, 'cmake_clean_cache': False, 'cmake_clean_first': False, 'cmake_force_configure': False, 'cmake_target': None, 'cmake_target_skip_unavailable': False, 'install_base': '/home/aaro/ice_resurfacer_ws/src/install/ice_resurfacer_nav', 'merge_install': False, 'path': '/home/aaro/ice_resurfacer_ws/src/ice_resurfacer_nav', 'symlink_install': True, 'test_result_base': None}
[1.187s] Level 5:colcon.colcon_core.verb:set package 'ice_resurfacer_gazebo' build argument 'cmake_args' from command line to 'None'
[1.187s] Level 5:colcon.colcon_core.verb:set package 'ice_resurfacer_gazebo' build argument 'cmake_target' from command line to 'None'
[1.187s] Level 5:colcon.colcon_core.verb:set package 'ice_resurfacer_gazebo' build argument 'cmake_target_skip_unavailable' from command line to 'False'
[1.187s] Level 5:colcon.colcon_core.verb:set package 'ice_resurfacer_gazebo' build argument 'cmake_clean_cache' from command line to 'False'
[1.187s] Level 5:colcon.colcon_core.verb:set package 'ice_resurfacer_gazebo' build argument 'cmake_clean_first' from command line to 'False'
[1.187s] Level 5:colcon.colcon_core.verb:set package 'ice_resurfacer_gazebo' build argument 'cmake_force_configure' from command line to 'False'
[1.187s] Level 5:colcon.colcon_core.verb:set package 'ice_resurfacer_gazebo' build argument 'ament_cmake_args' from command line to 'None'
[1.187s] Level 5:colcon.colcon_core.verb:set package 'ice_resurfacer_gazebo' build argument 'catkin_cmake_args' from command line to 'None'
[1.187s] Level 5:colcon.colcon_core.verb:set package 'ice_resurfacer_gazebo' build argument 'catkin_skip_building_tests' from command line to 'False'
[1.187s] DEBUG:colcon.colcon_core.verb:Building package 'ice_resurfacer_gazebo' with the following arguments: {'ament_cmake_args': None, 'build_base': '/home/aaro/ice_resurfacer_ws/src/build/ice_resurfacer_gazebo', 'catkin_cmake_args': None, 'catkin_skip_building_tests': False, 'cmake_args': None, 'cmake_clean_cache': False, 'cmake_clean_first': False, 'cmake_force_configure': False, 'cmake_target': None, 'cmake_target_skip_unavailable': False, 'install_base': '/home/aaro/ice_resurfacer_ws/src/install/ice_resurfacer_gazebo', 'merge_install': False, 'path': '/home/aaro/ice_resurfacer_ws/src/ice_resurfacer_gazebo', 'symlink_install': True, 'test_result_base': None}
[1.198s] INFO:colcon.colcon_core.executor:Executing jobs using 'parallel' executor
[1.210s] DEBUG:colcon.colcon_parallel_executor.executor.parallel:run_until_complete
[1.210s] INFO:colcon.colcon_ros.task.ament_cmake.build:Building ROS package in '/home/aaro/ice_resurfacer_ws/src/ice_resurfacer_description' with build type 'ament_cmake'
[1.211s] INFO:colcon.colcon_cmake.task.cmake.build:Building CMake package in '/home/aaro/ice_resurfacer_ws/src/ice_resurfacer_description'
[1.226s] INFO:colcon.colcon_core.plugin_system:Skipping extension 'colcon_core.shell.bat': Not used on non-Windows systems
[1.226s] INFO:colcon.colcon_core.shell:Skip shell extension 'powershell' for command environment: Not usable outside of PowerShell
[1.226s] DEBUG:colcon.colcon_core.shell:Skip shell extension 'dsv' for command environment
[1.261s] INFO:colcon.colcon_ros.task.ament_cmake.build:Building ROS package in '/home/aaro/ice_resurfacer_ws/src/ice_resurfacer_nav' with build type 'ament_cmake'
[1.261s] INFO:colcon.colcon_cmake.task.cmake.build:Building CMake package in '/home/aaro/ice_resurfacer_ws/src/ice_resurfacer_nav'
[1.274s] INFO:colcon.colcon_core.shell:Skip shell extension 'powershell' for command environment: Not usable outside of PowerShell
[1.274s] DEBUG:colcon.colcon_core.shell:Skip shell extension 'dsv' for command environment
[1.315s] DEBUG:colcon.colcon_core.event_handler.log_command:Invoking command in '/home/aaro/ice_resurfacer_ws/src/build/ice_resurfacer_description': CMAKE_PREFIX_PATH=${CMAKE_PREFIX_PATH}:/opt/ros/jazzy /usr/bin/cmake --build /home/aaro/ice_resurfacer_ws/src/build/ice_resurfacer_description -- -j16 -l16
[1.318s] DEBUG:colcon.colcon_core.event_handler.log_command:Invoking command in '/home/aaro/ice_resurfacer_ws/src/build/ice_resurfacer_nav': CMAKE_PREFIX_PATH=${CMAKE_PREFIX_PATH}:/opt/ros/jazzy /usr/bin/cmake --build /home/aaro/ice_resurfacer_ws/src/build/ice_resurfacer_nav -- -j16 -l16
[1.346s] DEBUG:colcon.colcon_core.event_handler.log_command:Invoked command in '/home/aaro/ice_resurfacer_ws/src/build/ice_resurfacer_description' returned '0': CMAKE_PREFIX_PATH=${CMAKE_PREFIX_PATH}:/opt/ros/jazzy /usr/bin/cmake --build /home/aaro/ice_resurfacer_ws/src/build/ice_resurfacer_description -- -j16 -l16
[1.347s] DEBUG:colcon.colcon_core.event_handler.log_command:Invoked command in '/home/aaro/ice_resurfacer_ws/src/build/ice_resurfacer_nav' returned '0': CMAKE_PREFIX_PATH=${CMAKE_PREFIX_PATH}:/opt/ros/jazzy /usr/bin/cmake --build /home/aaro/ice_resurfacer_ws/src/build/ice_resurfacer_nav -- -j16 -l16
[1.369s] DEBUG:colcon.colcon_core.event_handler.log_command:Invoking command in '/home/aaro/ice_resurfacer_ws/src/build/ice_resurfacer_description': CMAKE_PREFIX_PATH=${CMAKE_PREFIX_PATH}:/opt/ros/jazzy /usr/bin/cmake --install /home/aaro/ice_resurfacer_ws/src/build/ice_resurfacer_description
[1.371s] DEBUG:colcon.colcon_core.event_handler.log_command:Invoking command in '/home/aaro/ice_resurfacer_ws/src/build/ice_resurfacer_nav': CMAKE_PREFIX_PATH=${CMAKE_PREFIX_PATH}:/opt/ros/jazzy /usr/bin/cmake --install /home/aaro/ice_resurfacer_ws/src/build/ice_resurfacer_nav
[1.386s] Level 1:colcon.colcon_core.environment:create_environment_scripts_only(ice_resurfacer_description)
[1.387s] DEBUG:colcon.colcon_core.event_handler.log_command:Invoked command in '/home/aaro/ice_resurfacer_ws/src/build/ice_resurfacer_description' returned '0': CMAKE_PREFIX_PATH=${CMAKE_PREFIX_PATH}:/opt/ros/jazzy /usr/bin/cmake --install /home/aaro/ice_resurfacer_ws/src/build/ice_resurfacer_description
[1.401s] Level 1:colcon.colcon_core.environment:checking '/home/aaro/ice_resurfacer_ws/src/install/ice_resurfacer_description' for CMake module files
[1.401s] Level 1:colcon.colcon_core.environment:checking '/home/aaro/ice_resurfacer_ws/src/install/ice_resurfacer_description' for CMake config files
[1.401s] Level 1:colcon.colcon_core.shell:create_environment_hook('ice_resurfacer_description', 'cmake_prefix_path')
[1.414s] INFO:colcon.colcon_core.shell:Creating environment hook '/home/aaro/ice_resurfacer_ws/src/install/ice_resurfacer_description/share/ice_resurfacer_description/hook/cmake_prefix_path.ps1'
[1.414s] INFO:colcon.colcon_core.shell:Creating environment descriptor '/home/aaro/ice_resurfacer_ws/src/install/ice_resurfacer_description/share/ice_resurfacer_description/hook/cmake_prefix_path.dsv'
[1.415s] INFO:colcon.colcon_core.shell:Creating environment hook '/home/aaro/ice_resurfacer_ws/src/install/ice_resurfacer_description/share/ice_resurfacer_description/hook/cmake_prefix_path.sh'
[1.415s] Level 1:colcon.colcon_core.environment:checking '/home/aaro/ice_resurfacer_ws/src/install/ice_resurfacer_description/bin'
[1.415s] Level 1:colcon.colcon_core.environment:checking '/home/aaro/ice_resurfacer_ws/src/install/ice_resurfacer_description/lib/pkgconfig/ice_resurfacer_description.pc'
[1.415s] Level 1:colcon.colcon_core.environment:checking '/home/aaro/ice_resurfacer_ws/src/install/ice_resurfacer_description/lib/python3.12/site-packages'
[1.416s] Level 1:colcon.colcon_core.environment:checking '/home/aaro/ice_resurfacer_ws/src/install/ice_resurfacer_description/bin'
[1.429s] INFO:colcon.colcon_core.shell:Creating package script '/home/aaro/ice_resurfacer_ws/src/install/ice_resurfacer_description/share/ice_resurfacer_description/package.ps1'
[1.429s] INFO:colcon.colcon_core.shell:Creating package descriptor '/home/aaro/ice_resurfacer_ws/src/install/ice_resurfacer_description/share/ice_resurfacer_description/package.dsv'
[1.430s] INFO:colcon.colcon_core.shell:Creating package script '/home/aaro/ice_resurfacer_ws/src/install/ice_resurfacer_description/share/ice_resurfacer_description/package.sh'
[1.430s] INFO:colcon.colcon_core.shell:Creating package script '/home/aaro/ice_resurfacer_ws/src/install/ice_resurfacer_description/share/ice_resurfacer_description/package.bash'
[1.431s] INFO:colcon.colcon_core.shell:Creating package script '/home/aaro/ice_resurfacer_ws/src/install/ice_resurfacer_description/share/ice_resurfacer_description/package.zsh'
[1.431s] Level 1:colcon.colcon_core.environment:create_file_with_runtime_dependencies(/home/aaro/ice_resurfacer_ws/src/install/ice_resurfacer_description/share/colcon-core/packages/ice_resurfacer_description)
[1.432s] Level 1:colcon.colcon_core.environment:create_environment_scripts_only(ice_resurfacer_nav)
[1.433s] DEBUG:colcon.colcon_core.event_handler.log_command:Invoked command in '/home/aaro/ice_resurfacer_ws/src/build/ice_resurfacer_nav' returned '0': CMAKE_PREFIX_PATH=${CMAKE_PREFIX_PATH}:/opt/ros/jazzy /usr/bin/cmake --install /home/aaro/ice_resurfacer_ws/src/build/ice_resurfacer_nav
[1.446s] Level 1:colcon.colcon_core.environment:checking '/home/aaro/ice_resurfacer_ws/src/install/ice_resurfacer_nav' for CMake module files
[1.446s] Level 1:colcon.colcon_core.environment:checking '/home/aaro/ice_resurfacer_ws/src/install/ice_resurfacer_nav' for CMake config files
[1.447s] Level 1:colcon.colcon_core.shell:create_environment_hook('ice_resurfacer_nav', 'cmake_prefix_path')
[1.459s] INFO:colcon.colcon_core.shell:Creating environment hook '/home/aaro/ice_resurfacer_ws/src/install/ice_resurfacer_nav/share/ice_resurfacer_nav/hook/cmake_prefix_path.ps1'
[1.459s] INFO:colcon.colcon_core.shell:Creating environment descriptor '/home/aaro/ice_resurfacer_ws/src/install/ice_resurfacer_nav/share/ice_resurfacer_nav/hook/cmake_prefix_path.dsv'
[1.459s] INFO:colcon.colcon_core.shell:Creating environment hook '/home/aaro/ice_resurfacer_ws/src/install/ice_resurfacer_nav/share/ice_resurfacer_nav/hook/cmake_prefix_path.sh'
[1.460s] Level 1:colcon.colcon_core.environment:checking '/home/aaro/ice_resurfacer_ws/src/install/ice_resurfacer_nav/bin'
[1.460s] Level 1:colcon.colcon_core.environment:checking '/home/aaro/ice_resurfacer_ws/src/install/ice_resurfacer_nav/lib/pkgconfig/ice_resurfacer_nav.pc'
[1.460s] Level 1:colcon.colcon_core.environment:checking '/home/aaro/ice_resurfacer_ws/src/install/ice_resurfacer_nav/lib/python3.12/site-packages'
[1.460s] Level 1:colcon.colcon_core.environment:checking '/home/aaro/ice_resurfacer_ws/src/install/ice_resurfacer_nav/bin'
[1.472s] INFO:colcon.colcon_core.shell:Creating package script '/home/aaro/ice_resurfacer_ws/src/install/ice_resurfacer_nav/share/ice_resurfacer_nav/package.ps1'
[1.473s] INFO:colcon.colcon_core.shell:Creating package descriptor '/home/aaro/ice_resurfacer_ws/src/install/ice_resurfacer_nav/share/ice_resurfacer_nav/package.dsv'
[1.473s] INFO:colcon.colcon_core.shell:Creating package script '/home/aaro/ice_resurfacer_ws/src/install/ice_resurfacer_nav/share/ice_resurfacer_nav/package.sh'
[1.473s] INFO:colcon.colcon_core.shell:Creating package script '/home/aaro/ice_resurfacer_ws/src/install/ice_resurfacer_nav/share/ice_resurfacer_nav/package.bash'
[1.473s] INFO:colcon.colcon_core.shell:Creating package script '/home/aaro/ice_resurfacer_ws/src/install/ice_resurfacer_nav/share/ice_resurfacer_nav/package.zsh'
[1.474s] Level 1:colcon.colcon_core.environment:create_file_with_runtime_dependencies(/home/aaro/ice_resurfacer_ws/src/install/ice_resurfacer_nav/share/colcon-core/packages/ice_resurfacer_nav)
[0.965s] Level 1:colcon.colcon_core.environment:create_environment_scripts_only(ice_resurfacer_description)
[0.979s] Level 1:colcon.colcon_core.environment:checking '/home/aaro/ice_resurfacer_ws/src/install/ice_resurfacer_description' for CMake module files
[0.979s] Level 1:colcon.colcon_core.environment:checking '/home/aaro/ice_resurfacer_ws/src/install/ice_resurfacer_description' for CMake config files
[0.979s] Level 1:colcon.colcon_core.shell:create_environment_hook('ice_resurfacer_description', 'cmake_prefix_path')
[0.992s] INFO:colcon.colcon_core.shell:Creating environment hook '/home/aaro/ice_resurfacer_ws/src/install/ice_resurfacer_description/share/ice_resurfacer_description/hook/cmake_prefix_path.ps1'
[0.993s] INFO:colcon.colcon_core.shell:Creating environment descriptor '/home/aaro/ice_resurfacer_ws/src/install/ice_resurfacer_description/share/ice_resurfacer_description/hook/cmake_prefix_path.dsv'
[0.993s] INFO:colcon.colcon_core.shell:Creating environment hook '/home/aaro/ice_resurfacer_ws/src/install/ice_resurfacer_description/share/ice_resurfacer_description/hook/cmake_prefix_path.sh'
[0.993s] Level 1:colcon.colcon_core.environment:checking '/home/aaro/ice_resurfacer_ws/src/install/ice_resurfacer_description/bin'
[0.994s] Level 1:colcon.colcon_core.environment:checking '/home/aaro/ice_resurfacer_ws/src/install/ice_resurfacer_description/lib/pkgconfig/ice_resurfacer_description.pc'
[0.994s] Level 1:colcon.colcon_core.environment:checking '/home/aaro/ice_resurfacer_ws/src/install/ice_resurfacer_description/lib/python3.12/site-packages'
[0.994s] Level 1:colcon.colcon_core.environment:checking '/home/aaro/ice_resurfacer_ws/src/install/ice_resurfacer_description/bin'
[1.007s] INFO:colcon.colcon_core.shell:Creating package script '/home/aaro/ice_resurfacer_ws/src/install/ice_resurfacer_description/share/ice_resurfacer_description/package.ps1'
[1.008s] INFO:colcon.colcon_core.shell:Creating package descriptor '/home/aaro/ice_resurfacer_ws/src/install/ice_resurfacer_description/share/ice_resurfacer_description/package.dsv'
[1.008s] INFO:colcon.colcon_core.shell:Creating package script '/home/aaro/ice_resurfacer_ws/src/install/ice_resurfacer_description/share/ice_resurfacer_description/package.sh'
[1.009s] INFO:colcon.colcon_core.shell:Creating package script '/home/aaro/ice_resurfacer_ws/src/install/ice_resurfacer_description/share/ice_resurfacer_description/package.bash'
[1.009s] INFO:colcon.colcon_core.shell:Creating package script '/home/aaro/ice_resurfacer_ws/src/install/ice_resurfacer_description/share/ice_resurfacer_description/package.zsh'
[1.009s] Level 1:colcon.colcon_core.environment:create_file_with_runtime_dependencies(/home/aaro/ice_resurfacer_ws/src/install/ice_resurfacer_description/share/colcon-core/packages/ice_resurfacer_description)
[1.010s] INFO:colcon.colcon_ros.task.ament_cmake.build:Building ROS package in '/home/aaro/ice_resurfacer_ws/src/ice_resurfacer_gazebo' with build type 'ament_cmake'
[1.010s] INFO:colcon.colcon_cmake.task.cmake.build:Building CMake package in '/home/aaro/ice_resurfacer_ws/src/ice_resurfacer_gazebo'
[1.023s] INFO:colcon.colcon_core.shell:Skip shell extension 'powershell' for command environment: Not usable outside of PowerShell
[1.023s] DEBUG:colcon.colcon_core.shell:Skip shell extension 'dsv' for command environment
[1.077s] Level 1:colcon.colcon_core.environment:create_environment_scripts_only(ice_resurfacer_nav)
[1.090s] Level 1:colcon.colcon_core.environment:checking '/home/aaro/ice_resurfacer_ws/src/install/ice_resurfacer_nav' for CMake module files
[1.091s] Level 1:colcon.colcon_core.environment:checking '/home/aaro/ice_resurfacer_ws/src/install/ice_resurfacer_nav' for CMake config files
[1.091s] Level 1:colcon.colcon_core.shell:create_environment_hook('ice_resurfacer_nav', 'cmake_prefix_path')
[1.103s] INFO:colcon.colcon_core.shell:Creating environment hook '/home/aaro/ice_resurfacer_ws/src/install/ice_resurfacer_nav/share/ice_resurfacer_nav/hook/cmake_prefix_path.ps1'
[1.104s] INFO:colcon.colcon_core.shell:Creating environment descriptor '/home/aaro/ice_resurfacer_ws/src/install/ice_resurfacer_nav/share/ice_resurfacer_nav/hook/cmake_prefix_path.dsv'
[1.104s] INFO:colcon.colcon_core.shell:Creating environment hook '/home/aaro/ice_resurfacer_ws/src/install/ice_resurfacer_nav/share/ice_resurfacer_nav/hook/cmake_prefix_path.sh'
[1.105s] Level 1:colcon.colcon_core.environment:checking '/home/aaro/ice_resurfacer_ws/src/install/ice_resurfacer_nav/bin'
[1.105s] Level 1:colcon.colcon_core.environment:checking '/home/aaro/ice_resurfacer_ws/src/install/ice_resurfacer_nav/lib/pkgconfig/ice_resurfacer_nav.pc'
[1.105s] Level 1:colcon.colcon_core.environment:checking '/home/aaro/ice_resurfacer_ws/src/install/ice_resurfacer_nav/lib/python3.12/site-packages'
[1.105s] Level 1:colcon.colcon_core.environment:checking '/home/aaro/ice_resurfacer_ws/src/install/ice_resurfacer_nav/bin'
[1.118s] INFO:colcon.colcon_core.shell:Creating package script '/home/aaro/ice_resurfacer_ws/src/install/ice_resurfacer_nav/share/ice_resurfacer_nav/package.ps1'
[1.119s] INFO:colcon.colcon_core.shell:Creating package descriptor '/home/aaro/ice_resurfacer_ws/src/install/ice_resurfacer_nav/share/ice_resurfacer_nav/package.dsv'
[1.119s] INFO:colcon.colcon_core.shell:Creating package script '/home/aaro/ice_resurfacer_ws/src/install/ice_resurfacer_nav/share/ice_resurfacer_nav/package.sh'
[1.119s] INFO:colcon.colcon_core.shell:Creating package script '/home/aaro/ice_resurfacer_ws/src/install/ice_resurfacer_nav/share/ice_resurfacer_nav/package.bash'
[1.119s] INFO:colcon.colcon_core.shell:Creating package script '/home/aaro/ice_resurfacer_ws/src/install/ice_resurfacer_nav/share/ice_resurfacer_nav/package.zsh'
[1.120s] Level 1:colcon.colcon_core.environment:create_file_with_runtime_dependencies(/home/aaro/ice_resurfacer_ws/src/install/ice_resurfacer_nav/share/colcon-core/packages/ice_resurfacer_nav)
[1.123s] DEBUG:colcon.colcon_core.event_handler.log_command:Invoking command in '/home/aaro/ice_resurfacer_ws/src/build/ice_resurfacer_gazebo': CMAKE_PREFIX_PATH=/home/aaro/ice_resurfacer_ws/src/install/ice_resurfacer_description:/home/aaro/ice_resurfacer_ws/src/install/ice_resurfacer_nav:/home/aaro/ice_resurfacer_ws/src/install/ice_resurfacer_gazebo:/opt/ros/jazzy/opt/gz_sim_vendor:/opt/ros/jazzy/opt/gz_sensors_vendor:/opt/ros/jazzy/opt/gz_physics_vendor:/opt/ros/jazzy/opt/sdformat_vendor:/opt/ros/jazzy/opt/gz_gui_vendor:/opt/ros/jazzy/opt/gz_transport_vendor:/opt/ros/jazzy/opt/gz_rendering_vendor:/opt/ros/jazzy/opt/gz_plugin_vendor:/opt/ros/jazzy/opt/gz_fuel_tools_vendor:/opt/ros/jazzy/opt/gz_msgs_vendor:/opt/ros/jazzy/opt/gz_common_vendor:/opt/ros/jazzy/opt/gz_math_vendor:/opt/ros/jazzy/opt/gz_utils_vendor:/opt/ros/jazzy/opt/gz_tools_vendor:/opt/ros/jazzy/opt/gz_ogre_next_vendor:/opt/ros/jazzy/opt/gz_dartsim_vendor:/opt/ros/jazzy/opt/gz_cmake_vendor:/opt/ros/jazzy /usr/bin/cmake --build /home/aaro/ice_resurfacer_ws/src/build/ice_resurfacer_gazebo -- -j16 -l16
[1.151s] DEBUG:colcon.colcon_core.event_handler.log_command:Invoked command in '/home/aaro/ice_resurfacer_ws/src/build/ice_resurfacer_gazebo' returned '0': CMAKE_PREFIX_PATH=/home/aaro/ice_resurfacer_ws/src/install/ice_resurfacer_description:/home/aaro/ice_resurfacer_ws/src/install/ice_resurfacer_nav:/home/aaro/ice_resurfacer_ws/src/install/ice_resurfacer_gazebo:/opt/ros/jazzy/opt/gz_sim_vendor:/opt/ros/jazzy/opt/gz_sensors_vendor:/opt/ros/jazzy/opt/gz_physics_vendor:/opt/ros/jazzy/opt/sdformat_vendor:/opt/ros/jazzy/opt/gz_gui_vendor:/opt/ros/jazzy/opt/gz_transport_vendor:/opt/ros/jazzy/opt/gz_rendering_vendor:/opt/ros/jazzy/opt/gz_plugin_vendor:/opt/ros/jazzy/opt/gz_fuel_tools_vendor:/opt/ros/jazzy/opt/gz_msgs_vendor:/opt/ros/jazzy/opt/gz_common_vendor:/opt/ros/jazzy/opt/gz_math_vendor:/opt/ros/jazzy/opt/gz_utils_vendor:/opt/ros/jazzy/opt/gz_tools_vendor:/opt/ros/jazzy/opt/gz_ogre_next_vendor:/opt/ros/jazzy/opt/gz_dartsim_vendor:/opt/ros/jazzy/opt/gz_cmake_vendor:/opt/ros/jazzy /usr/bin/cmake --build /home/aaro/ice_resurfacer_ws/src/build/ice_resurfacer_gazebo -- -j16 -l16
[1.167s] DEBUG:colcon.colcon_core.event_handler.log_command:Invoking command in '/home/aaro/ice_resurfacer_ws/src/build/ice_resurfacer_gazebo': CMAKE_PREFIX_PATH=/home/aaro/ice_resurfacer_ws/src/install/ice_resurfacer_description:/home/aaro/ice_resurfacer_ws/src/install/ice_resurfacer_nav:/home/aaro/ice_resurfacer_ws/src/install/ice_resurfacer_gazebo:/opt/ros/jazzy/opt/gz_sim_vendor:/opt/ros/jazzy/opt/gz_sensors_vendor:/opt/ros/jazzy/opt/gz_physics_vendor:/opt/ros/jazzy/opt/sdformat_vendor:/opt/ros/jazzy/opt/gz_gui_vendor:/opt/ros/jazzy/opt/gz_transport_vendor:/opt/ros/jazzy/opt/gz_rendering_vendor:/opt/ros/jazzy/opt/gz_plugin_vendor:/opt/ros/jazzy/opt/gz_fuel_tools_vendor:/opt/ros/jazzy/opt/gz_msgs_vendor:/opt/ros/jazzy/opt/gz_common_vendor:/opt/ros/jazzy/opt/gz_math_vendor:/opt/ros/jazzy/opt/gz_utils_vendor:/opt/ros/jazzy/opt/gz_tools_vendor:/opt/ros/jazzy/opt/gz_ogre_next_vendor:/opt/ros/jazzy/opt/gz_dartsim_vendor:/opt/ros/jazzy/opt/gz_cmake_vendor:/opt/ros/jazzy /usr/bin/cmake --install /home/aaro/ice_resurfacer_ws/src/build/ice_resurfacer_gazebo
[1.182s] Level 1:colcon.colcon_core.environment:create_environment_scripts_only(ice_resurfacer_gazebo)
[1.183s] DEBUG:colcon.colcon_core.event_handler.log_command:Invoked command in '/home/aaro/ice_resurfacer_ws/src/build/ice_resurfacer_gazebo' returned '0': CMAKE_PREFIX_PATH=/home/aaro/ice_resurfacer_ws/src/install/ice_resurfacer_description:/home/aaro/ice_resurfacer_ws/src/install/ice_resurfacer_nav:/home/aaro/ice_resurfacer_ws/src/install/ice_resurfacer_gazebo:/opt/ros/jazzy/opt/gz_sim_vendor:/opt/ros/jazzy/opt/gz_sensors_vendor:/opt/ros/jazzy/opt/gz_physics_vendor:/opt/ros/jazzy/opt/sdformat_vendor:/opt/ros/jazzy/opt/gz_gui_vendor:/opt/ros/jazzy/opt/gz_transport_vendor:/opt/ros/jazzy/opt/gz_rendering_vendor:/opt/ros/jazzy/opt/gz_plugin_vendor:/opt/ros/jazzy/opt/gz_fuel_tools_vendor:/opt/ros/jazzy/opt/gz_msgs_vendor:/opt/ros/jazzy/opt/gz_common_vendor:/opt/ros/jazzy/opt/gz_math_vendor:/opt/ros/jazzy/opt/gz_utils_vendor:/opt/ros/jazzy/opt/gz_tools_vendor:/opt/ros/jazzy/opt/gz_ogre_next_vendor:/opt/ros/jazzy/opt/gz_dartsim_vendor:/opt/ros/jazzy/opt/gz_cmake_vendor:/opt/ros/jazzy /usr/bin/cmake --install /home/aaro/ice_resurfacer_ws/src/build/ice_resurfacer_gazebo
[1.195s] Level 1:colcon.colcon_core.environment:checking '/home/aaro/ice_resurfacer_ws/src/install/ice_resurfacer_gazebo' for CMake module files
[1.196s] Level 1:colcon.colcon_core.environment:checking '/home/aaro/ice_resurfacer_ws/src/install/ice_resurfacer_gazebo' for CMake config files
[1.196s] Level 1:colcon.colcon_core.shell:create_environment_hook('ice_resurfacer_gazebo', 'cmake_prefix_path')
[1.208s] INFO:colcon.colcon_core.shell:Creating environment hook '/home/aaro/ice_resurfacer_ws/src/install/ice_resurfacer_gazebo/share/ice_resurfacer_gazebo/hook/cmake_prefix_path.ps1'
[1.208s] INFO:colcon.colcon_core.shell:Creating environment descriptor '/home/aaro/ice_resurfacer_ws/src/install/ice_resurfacer_gazebo/share/ice_resurfacer_gazebo/hook/cmake_prefix_path.dsv'
[1.209s] INFO:colcon.colcon_core.shell:Creating environment hook '/home/aaro/ice_resurfacer_ws/src/install/ice_resurfacer_gazebo/share/ice_resurfacer_gazebo/hook/cmake_prefix_path.sh'
[1.209s] Level 1:colcon.colcon_core.environment:checking '/home/aaro/ice_resurfacer_ws/src/install/ice_resurfacer_gazebo/bin'
[1.209s] Level 1:colcon.colcon_core.environment:checking '/home/aaro/ice_resurfacer_ws/src/install/ice_resurfacer_gazebo/lib/pkgconfig/ice_resurfacer_gazebo.pc'
[1.210s] Level 1:colcon.colcon_core.environment:checking '/home/aaro/ice_resurfacer_ws/src/install/ice_resurfacer_gazebo/lib/python3.12/site-packages'
[1.210s] Level 1:colcon.colcon_core.environment:checking '/home/aaro/ice_resurfacer_ws/src/install/ice_resurfacer_gazebo/bin'
[1.222s] INFO:colcon.colcon_core.shell:Creating package script '/home/aaro/ice_resurfacer_ws/src/install/ice_resurfacer_gazebo/share/ice_resurfacer_gazebo/package.ps1'
[1.222s] INFO:colcon.colcon_core.shell:Creating package descriptor '/home/aaro/ice_resurfacer_ws/src/install/ice_resurfacer_gazebo/share/ice_resurfacer_gazebo/package.dsv'
[1.222s] INFO:colcon.colcon_core.shell:Creating package script '/home/aaro/ice_resurfacer_ws/src/install/ice_resurfacer_gazebo/share/ice_resurfacer_gazebo/package.sh'
[1.222s] INFO:colcon.colcon_core.shell:Creating package script '/home/aaro/ice_resurfacer_ws/src/install/ice_resurfacer_gazebo/share/ice_resurfacer_gazebo/package.bash'
[1.223s] INFO:colcon.colcon_core.shell:Creating package script '/home/aaro/ice_resurfacer_ws/src/install/ice_resurfacer_gazebo/share/ice_resurfacer_gazebo/package.zsh'
[1.223s] Level 1:colcon.colcon_core.environment:create_file_with_runtime_dependencies(/home/aaro/ice_resurfacer_ws/src/install/ice_resurfacer_gazebo/share/colcon-core/packages/ice_resurfacer_gazebo)
[1.250s] Level 1:colcon.colcon_core.environment:create_environment_scripts_only(ice_resurfacer_gazebo)
[1.263s] Level 1:colcon.colcon_core.environment:checking '/home/aaro/ice_resurfacer_ws/src/install/ice_resurfacer_gazebo' for CMake module files
[1.263s] Level 1:colcon.colcon_core.environment:checking '/home/aaro/ice_resurfacer_ws/src/install/ice_resurfacer_gazebo' for CMake config files
[1.263s] Level 1:colcon.colcon_core.shell:create_environment_hook('ice_resurfacer_gazebo', 'cmake_prefix_path')
[1.275s] INFO:colcon.colcon_core.shell:Creating environment hook '/home/aaro/ice_resurfacer_ws/src/install/ice_resurfacer_gazebo/share/ice_resurfacer_gazebo/hook/cmake_prefix_path.ps1'
[1.275s] INFO:colcon.colcon_core.shell:Creating environment descriptor '/home/aaro/ice_resurfacer_ws/src/install/ice_resurfacer_gazebo/share/ice_resurfacer_gazebo/hook/cmake_prefix_path.dsv'
[1.275s] INFO:colcon.colcon_core.shell:Creating environment hook '/home/aaro/ice_resurfacer_ws/src/install/ice_resurfacer_gazebo/share/ice_resurfacer_gazebo/hook/cmake_prefix_path.sh'
[1.276s] Level 1:colcon.colcon_core.environment:checking '/home/aaro/ice_resurfacer_ws/src/install/ice_resurfacer_gazebo/bin'
[1.276s] Level 1:colcon.colcon_core.environment:checking '/home/aaro/ice_resurfacer_ws/src/install/ice_resurfacer_gazebo/lib/pkgconfig/ice_resurfacer_gazebo.pc'
[1.276s] Level 1:colcon.colcon_core.environment:checking '/home/aaro/ice_resurfacer_ws/src/install/ice_resurfacer_gazebo/lib/python3.12/site-packages'
[1.276s] Level 1:colcon.colcon_core.environment:checking '/home/aaro/ice_resurfacer_ws/src/install/ice_resurfacer_gazebo/bin'
[1.287s] INFO:colcon.colcon_core.shell:Creating package script '/home/aaro/ice_resurfacer_ws/src/install/ice_resurfacer_gazebo/share/ice_resurfacer_gazebo/package.ps1'
[1.288s] INFO:colcon.colcon_core.shell:Creating package descriptor '/home/aaro/ice_resurfacer_ws/src/install/ice_resurfacer_gazebo/share/ice_resurfacer_gazebo/package.dsv'
[1.288s] INFO:colcon.colcon_core.shell:Creating package script '/home/aaro/ice_resurfacer_ws/src/install/ice_resurfacer_gazebo/share/ice_resurfacer_gazebo/package.sh'
[1.288s] INFO:colcon.colcon_core.shell:Creating package script '/home/aaro/ice_resurfacer_ws/src/install/ice_resurfacer_gazebo/share/ice_resurfacer_gazebo/package.bash'
[1.288s] INFO:colcon.colcon_core.shell:Creating package script '/home/aaro/ice_resurfacer_ws/src/install/ice_resurfacer_gazebo/share/ice_resurfacer_gazebo/package.zsh'
[1.289s] Level 1:colcon.colcon_core.environment:create_file_with_runtime_dependencies(/home/aaro/ice_resurfacer_ws/src/install/ice_resurfacer_gazebo/share/colcon-core/packages/ice_resurfacer_gazebo)
[1.289s] DEBUG:colcon.colcon_parallel_executor.executor.parallel:closing loop
[1.289s] DEBUG:colcon.colcon_parallel_executor.executor.parallel:loop closed
[1.290s] DEBUG:colcon.colcon_parallel_executor.executor.parallel:run_until_complete finished with '0'
[1.290s] DEBUG:colcon.colcon_core.event_reactor:joining thread
[1.306s] INFO:colcon.colcon_core.plugin_system:Skipping extension 'colcon_notification.desktop_notification.terminal_notifier': Not used on non-Darwin systems
[1.306s] INFO:colcon.colcon_core.plugin_system:Skipping extension 'colcon_notification.desktop_notification.win32': Not used on non-Windows systems
[1.306s] INFO:colcon.colcon_notification.desktop_notification:Sending desktop notification using 'notify2'
[1.307s] DEBUG:colcon.colcon_notification.desktop_notification.notify2:Failed to initialize notify2: org.freedesktop.DBus.Error.ServiceUnknown: The name org.freedesktop.Notifications was not provided by any .service files
[1.307s] DEBUG:colcon.colcon_core.event_reactor:joined thread
[1.319s] INFO:colcon.colcon_core.shell:Creating prefix script '/home/aaro/ice_resurfacer_ws/src/install/local_setup.ps1'
[1.319s] INFO:colcon.colcon_core.shell:Creating prefix util module '/home/aaro/ice_resurfacer_ws/src/install/_local_setup_util_ps1.py'
[1.320s] INFO:colcon.colcon_core.shell:Creating prefix chain script '/home/aaro/ice_resurfacer_ws/src/install/setup.ps1'
[1.332s] INFO:colcon.colcon_core.shell:Creating prefix script '/home/aaro/ice_resurfacer_ws/src/install/local_setup.sh'
[1.332s] INFO:colcon.colcon_core.shell:Creating prefix util module '/home/aaro/ice_resurfacer_ws/src/install/_local_setup_util_sh.py'
[1.332s] INFO:colcon.colcon_core.shell:Creating prefix chain script '/home/aaro/ice_resurfacer_ws/src/install/setup.sh'
[1.344s] INFO:colcon.colcon_core.shell:Creating prefix script '/home/aaro/ice_resurfacer_ws/src/install/local_setup.bash'
[1.344s] INFO:colcon.colcon_core.shell:Creating prefix chain script '/home/aaro/ice_resurfacer_ws/src/install/setup.bash'
[1.356s] INFO:colcon.colcon_core.shell:Creating prefix script '/home/aaro/ice_resurfacer_ws/src/install/local_setup.zsh'
[1.356s] INFO:colcon.colcon_core.shell:Creating prefix chain script '/home/aaro/ice_resurfacer_ws/src/install/setup.zsh'
