[0.100s] Invoking command in '/home/aaro/ice_resurfacer_ws/src/build/ice_resurfacer_nav': CMAKE_PREFIX_PATH=${CMAKE_PREFIX_PATH}:/opt/ros/jazzy /usr/bin/cmake --build /home/aaro/ice_resurfacer_ws/src/build/ice_resurfacer_nav -- -j16 -l16
[0.147s] Invoked command in '/home/aaro/ice_resurfacer_ws/src/build/ice_resurfacer_nav' returned '0': CMAKE_PREFIX_PATH=${CMAKE_PREFIX_PATH}:/opt/ros/jazzy /usr/bin/cmake --build /home/aaro/ice_resurfacer_ws/src/build/ice_resurfacer_nav -- -j16 -l16
[0.194s] Invoking command in '/home/aaro/ice_resurfacer_ws/src/build/ice_resurfacer_nav': CMAKE_PREFIX_PATH=${CMAKE_PREFIX_PATH}:/opt/ros/jazzy /usr/bin/cmake --install /home/aaro/ice_resurfacer_ws/src/build/ice_resurfacer_nav
[0.202s] -- Install configuration: ""
[0.203s] -- Execute custom install script
[0.203s] -- Up-to-date symlink: /home/aaro/ice_resurfacer_ws/src/install/ice_resurfacer_nav/share/ice_resurfacer_nav/launch/zamboni_nav.launch.py
[0.204s] -- Up-to-date symlink: /home/aaro/ice_resurfacer_ws/src/install/ice_resurfacer_nav/share/ice_resurfacer_nav/maps/iihf_rink.pgm
[0.205s] -- Up-to-date symlink: /home/aaro/ice_resurfacer_ws/src/install/ice_resurfacer_nav/share/ice_resurfacer_nav/maps/iihf_rink.yaml
[0.205s] -- Up-to-date symlink: /home/aaro/ice_resurfacer_ws/src/install/ice_resurfacer_nav/share/ice_resurfacer_nav/maps/iihf_rink3.pgm
[0.206s] -- Up-to-date symlink: /home/aaro/ice_resurfacer_ws/src/install/ice_resurfacer_nav/share/ice_resurfacer_nav/maps/iihf_rink3.yaml
[0.206s] -- Up-to-date symlink: /home/aaro/ice_resurfacer_ws/src/install/ice_resurfacer_nav/share/ice_resurfacer_nav/maps/iihf_rink4.pgm
[0.206s] -- Up-to-date symlink: /home/aaro/ice_resurfacer_ws/src/install/ice_resurfacer_nav/share/ice_resurfacer_nav/maps/iihf_rink4.yaml
[0.206s] -- Up-to-date symlink: /home/aaro/ice_resurfacer_ws/src/install/ice_resurfacer_nav/share/ice_resurfacer_nav/config/nav2_params.yaml
[0.206s] -- Up-to-date symlink: /home/aaro/ice_resurfacer_ws/src/install/ice_resurfacer_nav/share/ament_index/resource_index/package_run_dependencies/ice_resurfacer_nav
[0.207s] -- Up-to-date symlink: /home/aaro/ice_resurfacer_ws/src/install/ice_resurfacer_nav/share/ament_index/resource_index/parent_prefix_path/ice_resurfacer_nav
[0.207s] -- Up-to-date symlink: /home/aaro/ice_resurfacer_ws/src/install/ice_resurfacer_nav/share/ice_resurfacer_nav/environment/ament_prefix_path.sh
[0.207s] -- Up-to-date symlink: /home/aaro/ice_resurfacer_ws/src/install/ice_resurfacer_nav/share/ice_resurfacer_nav/environment/ament_prefix_path.dsv
[0.207s] -- Up-to-date symlink: /home/aaro/ice_resurfacer_ws/src/install/ice_resurfacer_nav/share/ice_resurfacer_nav/environment/path.sh
[0.207s] -- Up-to-date symlink: /home/aaro/ice_resurfacer_ws/src/install/ice_resurfacer_nav/share/ice_resurfacer_nav/environment/path.dsv
[0.207s] -- Up-to-date symlink: /home/aaro/ice_resurfacer_ws/src/install/ice_resurfacer_nav/share/ice_resurfacer_nav/local_setup.bash
[0.207s] -- Up-to-date symlink: /home/aaro/ice_resurfacer_ws/src/install/ice_resurfacer_nav/share/ice_resurfacer_nav/local_setup.sh
[0.207s] -- Up-to-date symlink: /home/aaro/ice_resurfacer_ws/src/install/ice_resurfacer_nav/share/ice_resurfacer_nav/local_setup.zsh
[0.208s] -- Up-to-date symlink: /home/aaro/ice_resurfacer_ws/src/install/ice_resurfacer_nav/share/ice_resurfacer_nav/local_setup.dsv
[0.208s] -- Symlinking: /home/aaro/ice_resurfacer_ws/src/install/ice_resurfacer_nav/share/ice_resurfacer_nav/package.dsv
[0.219s] -- Up-to-date symlink: /home/aaro/ice_resurfacer_ws/src/install/ice_resurfacer_nav/share/ament_index/resource_index/packages/ice_resurfacer_nav
[0.220s] -- Up-to-date symlink: /home/aaro/ice_resurfacer_ws/src/install/ice_resurfacer_nav/share/ice_resurfacer_nav/cmake/ice_resurfacer_navConfig.cmake
[0.220s] -- Up-to-date symlink: /home/aaro/ice_resurfacer_ws/src/install/ice_resurfacer_nav/share/ice_resurfacer_nav/cmake/ice_resurfacer_navConfig-version.cmake
[0.220s] -- Up-to-date symlink: /home/aaro/ice_resurfacer_ws/src/install/ice_resurfacer_nav/share/ice_resurfacer_nav/package.xml
[0.222s] Invoked command in '/home/aaro/ice_resurfacer_ws/src/build/ice_resurfacer_nav' returned '0': CMAKE_PREFIX_PATH=${CMAKE_PREFIX_PATH}:/opt/ros/jazzy /usr/bin/cmake --install /home/aaro/ice_resurfacer_ws/src/build/ice_resurfacer_nav
