[0.068s] Invoking command in '/home/aaro/ice_resurfacer_ws/src/ice_resurfacer_nav/build/ice_resurfacer_nav': CMAKE_PREFIX_PATH=${CMAKE_PREFIX_PATH}:/opt/ros/jazzy /usr/bin/cmake --build /home/aaro/ice_resurfacer_ws/src/ice_resurfacer_nav/build/ice_resurfacer_nav -- -j16 -l16
[0.146s] Invoked command in '/home/aaro/ice_resurfacer_ws/src/ice_resurfacer_nav/build/ice_resurfacer_nav' returned '0': CMAKE_PREFIX_PATH=${CMAKE_PREFIX_PATH}:/opt/ros/jazzy /usr/bin/cmake --build /home/aaro/ice_resurfacer_ws/src/ice_resurfacer_nav/build/ice_resurfacer_nav -- -j16 -l16
[0.168s] Invoking command in '/home/aaro/ice_resurfacer_ws/src/ice_resurfacer_nav/build/ice_resurfacer_nav': CMAKE_PREFIX_PATH=${CMAKE_PREFIX_PATH}:/opt/ros/jazzy /usr/bin/cmake --install /home/aaro/ice_resurfacer_ws/src/ice_resurfacer_nav/build/ice_resurfacer_nav
[0.174s] -- Install configuration: ""
[0.175s] -- Execute custom install script
[0.176s] -- Up-to-date symlink: /home/aaro/ice_resurfacer_ws/src/ice_resurfacer_nav/install/ice_resurfacer_nav/share/ice_resurfacer_nav/launch/zamboni_nav.launch.py
[0.176s] -- Up-to-date symlink: /home/aaro/ice_resurfacer_ws/src/ice_resurfacer_nav/install/ice_resurfacer_nav/share/ice_resurfacer_nav/maps/iihf_rink.pgm
[0.177s] -- Up-to-date symlink: /home/aaro/ice_resurfacer_ws/src/ice_resurfacer_nav/install/ice_resurfacer_nav/share/ice_resurfacer_nav/maps/iihf_rink.yaml
[0.177s] -- Up-to-date symlink: /home/aaro/ice_resurfacer_ws/src/ice_resurfacer_nav/install/ice_resurfacer_nav/share/ice_resurfacer_nav/maps/iihf_rink3.pgm
[0.177s] -- Up-to-date symlink: /home/aaro/ice_resurfacer_ws/src/ice_resurfacer_nav/install/ice_resurfacer_nav/share/ice_resurfacer_nav/maps/iihf_rink3.yaml
[0.177s] -- Up-to-date symlink: /home/aaro/ice_resurfacer_ws/src/ice_resurfacer_nav/install/ice_resurfacer_nav/share/ice_resurfacer_nav/maps/iihf_rink4.pgm
[0.178s] -- Up-to-date symlink: /home/aaro/ice_resurfacer_ws/src/ice_resurfacer_nav/install/ice_resurfacer_nav/share/ice_resurfacer_nav/maps/iihf_rink4.yaml
[0.178s] -- Up-to-date symlink: /home/aaro/ice_resurfacer_ws/src/ice_resurfacer_nav/install/ice_resurfacer_nav/share/ice_resurfacer_nav/maps/iihf_rink5.pgm
[0.178s] -- Up-to-date symlink: /home/aaro/ice_resurfacer_ws/src/ice_resurfacer_nav/install/ice_resurfacer_nav/share/ice_resurfacer_nav/maps/iihf_rink5.yaml
[0.179s] -- Up-to-date symlink: /home/aaro/ice_resurfacer_ws/src/ice_resurfacer_nav/install/ice_resurfacer_nav/share/ice_resurfacer_nav/maps/iihf_rink6.pgm
[0.179s] -- Up-to-date symlink: /home/aaro/ice_resurfacer_ws/src/ice_resurfacer_nav/install/ice_resurfacer_nav/share/ice_resurfacer_nav/maps/iihf_rink6.yaml
[0.179s] -- Up-to-date symlink: /home/aaro/ice_resurfacer_ws/src/ice_resurfacer_nav/install/ice_resurfacer_nav/share/ice_resurfacer_nav/maps/iihf_rink7.pgm
[0.179s] -- Up-to-date symlink: /home/aaro/ice_resurfacer_ws/src/ice_resurfacer_nav/install/ice_resurfacer_nav/share/ice_resurfacer_nav/maps/iihf_rink7.yaml
[0.180s] -- Up-to-date symlink: /home/aaro/ice_resurfacer_ws/src/ice_resurfacer_nav/install/ice_resurfacer_nav/share/ice_resurfacer_nav/config/nav2_params.yaml
[0.180s] -- Up-to-date symlink: /home/aaro/ice_resurfacer_ws/src/ice_resurfacer_nav/install/ice_resurfacer_nav/share/ice_resurfacer_nav/config/navigate_to_pose_ackermann.xml
[0.180s] -- Up-to-date symlink: /home/aaro/ice_resurfacer_ws/src/ice_resurfacer_nav/install/ice_resurfacer_nav/share/ament_index/resource_index/package_run_dependencies/ice_resurfacer_nav
[0.181s] -- Up-to-date symlink: /home/aaro/ice_resurfacer_ws/src/ice_resurfacer_nav/install/ice_resurfacer_nav/share/ament_index/resource_index/parent_prefix_path/ice_resurfacer_nav
[0.181s] -- Up-to-date symlink: /home/aaro/ice_resurfacer_ws/src/ice_resurfacer_nav/install/ice_resurfacer_nav/share/ice_resurfacer_nav/environment/ament_prefix_path.sh
[0.181s] -- Up-to-date symlink: /home/aaro/ice_resurfacer_ws/src/ice_resurfacer_nav/install/ice_resurfacer_nav/share/ice_resurfacer_nav/environment/ament_prefix_path.dsv
[0.182s] -- Up-to-date symlink: /home/aaro/ice_resurfacer_ws/src/ice_resurfacer_nav/install/ice_resurfacer_nav/share/ice_resurfacer_nav/environment/path.sh
[0.182s] -- Up-to-date symlink: /home/aaro/ice_resurfacer_ws/src/ice_resurfacer_nav/install/ice_resurfacer_nav/share/ice_resurfacer_nav/environment/path.dsv
[0.182s] -- Up-to-date symlink: /home/aaro/ice_resurfacer_ws/src/ice_resurfacer_nav/install/ice_resurfacer_nav/share/ice_resurfacer_nav/local_setup.bash
[0.182s] -- Up-to-date symlink: /home/aaro/ice_resurfacer_ws/src/ice_resurfacer_nav/install/ice_resurfacer_nav/share/ice_resurfacer_nav/local_setup.sh
[0.183s] -- Up-to-date symlink: /home/aaro/ice_resurfacer_ws/src/ice_resurfacer_nav/install/ice_resurfacer_nav/share/ice_resurfacer_nav/local_setup.zsh
[0.183s] -- Up-to-date symlink: /home/aaro/ice_resurfacer_ws/src/ice_resurfacer_nav/install/ice_resurfacer_nav/share/ice_resurfacer_nav/local_setup.dsv
[0.183s] -- Symlinking: /home/aaro/ice_resurfacer_ws/src/ice_resurfacer_nav/install/ice_resurfacer_nav/share/ice_resurfacer_nav/package.dsv
[0.191s] -- Up-to-date symlink: /home/aaro/ice_resurfacer_ws/src/ice_resurfacer_nav/install/ice_resurfacer_nav/share/ament_index/resource_index/packages/ice_resurfacer_nav
[0.192s] -- Up-to-date symlink: /home/aaro/ice_resurfacer_ws/src/ice_resurfacer_nav/install/ice_resurfacer_nav/share/ice_resurfacer_nav/cmake/ice_resurfacer_navConfig.cmake
[0.192s] -- Up-to-date symlink: /home/aaro/ice_resurfacer_ws/src/ice_resurfacer_nav/install/ice_resurfacer_nav/share/ice_resurfacer_nav/cmake/ice_resurfacer_navConfig-version.cmake
[0.192s] -- Up-to-date symlink: /home/aaro/ice_resurfacer_ws/src/ice_resurfacer_nav/install/ice_resurfacer_nav/share/ice_resurfacer_nav/package.xml
[0.194s] Invoked command in '/home/aaro/ice_resurfacer_ws/src/ice_resurfacer_nav/build/ice_resurfacer_nav' returned '0': CMAKE_PREFIX_PATH=${CMAKE_PREFIX_PATH}:/opt/ros/jazzy /usr/bin/cmake --install /home/aaro/ice_resurfacer_ws/src/ice_resurfacer_nav/build/ice_resurfacer_nav
